<?xml version="1.0" encoding="UTF-8"?>
<robot generator="Robot 4.1.2 (Python 3.7.4 on linux)" generated="20211121 16:44:37.202" rpa="false" schemaversion="2">
<suite id="s1" name="ReferenceNumberCalculator" source="/home/hakan/Python/Aktia/Round_1_Task/Tests/ReferenceNumberCalculator.robot">
<kw name="Begin Web Test" library="Common" type="SETUP">
<kw name="Load Locator Resources" library="Common">
<doc>Depending on the browser used, it loads the corresponding locator resource files</doc>
<if>
<branch type="IF" condition="'${BROWSER}'=='firefox' or '${BROWSER}'=='ff'">
<kw name="Import Locators" library="Common">
<arg>${LOCATORS_PATH}Firefox</arg>
<kw name="List Files In Directory" library="OperatingSystem">
<var>${locator_files}</var>
<arg>${locators_path}</arg>
<arg>*Locators.resource</arg>
<arg>absolute</arg>
<doc>Wrapper for `List Directory` that returns only files.</doc>
<msg timestamp="20211121 16:44:37.694" level="INFO" html="true">Listing contents of directory '&lt;a href="file:///home/hakan/Python/Aktia/Round_1_Task/Resources/Locators/Firefox"&gt;/home/hakan/Python/Aktia/Round_1_Task/Resources/Locators/Firefox&lt;/a&gt;'.</msg>
<msg timestamp="20211121 16:44:37.695" level="INFO">1 file:
/home/hakan/Python/Aktia/Round_1_Task/Resources/Locators/Firefox/ReferenceNumberCalculatorLocators.resource</msg>
<msg timestamp="20211121 16:44:37.695" level="INFO">${locator_files} = ['/home/hakan/Python/Aktia/Round_1_Task/Resources/Locators/Firefox/ReferenceNumberCalculatorLocators.resource']</msg>
<status status="PASS" starttime="20211121 16:44:37.694" endtime="20211121 16:44:37.695"/>
</kw>
<for flavor="IN">
<var>${locator_file}</var>
<value>@{locator_files}</value>
<iter>
<var name="${locator_file}">/home/hakan/Python/Aktia/Round_1_Task/Resources/Locators/Firefox/ReferenceNumberCalculatorLocators.resource</var>
<kw name="Log To Console" library="BuiltIn">
<arg>Loading the resource file: ${locator_file}</arg>
<doc>Logs the given message to the console.</doc>
<status status="PASS" starttime="20211121 16:44:37.695" endtime="20211121 16:44:37.695"/>
</kw>
<kw name="Import Resource" library="BuiltIn">
<arg>${locator_file}</arg>
<doc>Imports a resource file with the given path.</doc>
<status status="PASS" starttime="20211121 16:44:37.696" endtime="20211121 16:44:37.697"/>
</kw>
<status status="PASS" starttime="20211121 16:44:37.695" endtime="20211121 16:44:37.697"/>
</iter>
<status status="PASS" starttime="20211121 16:44:37.695" endtime="20211121 16:44:37.697"/>
</for>
<status status="PASS" starttime="20211121 16:44:37.694" endtime="20211121 16:44:37.697"/>
</kw>
<status status="PASS" starttime="20211121 16:44:37.693" endtime="20211121 16:44:37.697"/>
</branch>
<status status="PASS" starttime="20211121 16:44:37.693" endtime="20211121 16:44:37.697"/>
</if>
<if>
<branch type="IF" condition="'${BROWSER}'=='chrome' or '${BROWSER}'=='gc'">
<kw name="Import Locators" library="Common">
<arg>${LOCATORS_PATH}Chrome</arg>
<status status="NOT RUN" starttime="20211121 16:44:37.698" endtime="20211121 16:44:37.698"/>
</kw>
<status status="NOT RUN" starttime="20211121 16:44:37.697" endtime="20211121 16:44:37.698"/>
</branch>
<status status="PASS" starttime="20211121 16:44:37.697" endtime="20211121 16:44:37.698"/>
</if>
<if>
<branch type="IF" condition="'${BROWSER}'=='chromium'">
<kw name="Import Locators" library="Common">
<arg>${LOCATORS_PATH}Chromium</arg>
<status status="NOT RUN" starttime="20211121 16:44:37.698" endtime="20211121 16:44:37.698"/>
</kw>
<status status="NOT RUN" starttime="20211121 16:44:37.698" endtime="20211121 16:44:37.698"/>
</branch>
<status status="PASS" starttime="20211121 16:44:37.698" endtime="20211121 16:44:37.698"/>
</if>
<status status="PASS" starttime="20211121 16:44:37.693" endtime="20211121 16:44:37.698"/>
</kw>
<kw name="New Browser" library="Browser">
<arg>browser=${BROWSER}</arg>
<arg>headless=False</arg>
<tag>BrowserControl</tag>
<tag>Setter</tag>
<doc>Create a new playwright Browser with specified options.</doc>
<msg timestamp="20211121 16:44:37.699" level="INFO">{"browser": "firefox", "headless": false, "handleSIGINT": true, "handleSIGTERM": true, "handleSIGHUP": true, "timeout": 30000.0, "devtools": false, "slowMo": 0.0, "tracesDir": "/home/hakan/Python/Aktia/Round_1_Task/Results/browser/traces/37776b58-8a53-4cf3-bf01-5d22caad28d6"}</msg>
<msg timestamp="20211121 16:44:38.664" level="INFO">Successfully created browser with options: {"browser":"firefox","headless":false,"handleSIGINT":true,"handleSIGTERM":true,"handleSIGHUP":true,"timeout":30000,"devtools":false,"slowMo":0,"tracesDir":"/home/hakan/Python/Aktia/Round_1_Task/Results/browser/traces/37776b58-8a53-4cf3-bf01-5d22caad28d6"}</msg>
<status status="PASS" starttime="20211121 16:44:37.698" endtime="20211121 16:44:38.664"/>
</kw>
<kw name="New Context" library="Browser">
<tag>BrowserControl</tag>
<tag>Setter</tag>
<doc>Create a new BrowserContext with specified options.</doc>
<msg timestamp="20211121 16:44:38.665" level="INFO">{"acceptDownloads": false, "ignoreHTTPSErrors": false, "bypassCSP": false, "deviceScaleFactor": 1.0, "isMobile": false, "hasTouch": false, "javaScriptEnabled": true, "offline": false, "hideRfBrowser": false}</msg>
<msg timestamp="20211121 16:44:38.682" level="INFO">Successfully created context. </msg>
<msg timestamp="20211121 16:44:38.683" level="INFO">{'acceptDownloads': False, 'ignoreHTTPSErrors': False, 'bypassCSP': False, 'deviceScaleFactor': 1, 'isMobile': False, 'hasTouch': False, 'javaScriptEnabled': True, 'offline': False, 'hideRfBrowser': False}</msg>
<status status="PASS" starttime="20211121 16:44:38.664" endtime="20211121 16:44:38.683"/>
</kw>
<kw name="New Page" library="Browser">
<tag>BrowserControl</tag>
<tag>Setter</tag>
<doc>Open a new Page. A Page is the Playwright equivalent to a tab.
See `Browser, Context and Page` for more information about Page concept.
Returns a stable identifier for the created page.</doc>
<msg timestamp="20211121 16:44:39.411" level="INFO">Successfully initialized new page object and opened url: about:blank</msg>
<status status="PASS" starttime="20211121 16:44:38.683" endtime="20211121 16:44:39.412"/>
</kw>
<kw name="Go To" library="Browser">
<arg>${REFERENCE_NUMBER_CALCULATOR_URL}</arg>
<tag>BrowserControl</tag>
<tag>Setter</tag>
<doc>Navigates to the given ``url``.</doc>
<msg timestamp="20211121 16:44:41.259" level="INFO">Successfully opened URL https://www.aktia.fi/fi/yritysasiakkaat/viitenumerolaskuri</msg>
<status status="PASS" starttime="20211121 16:44:39.412" endtime="20211121 16:44:41.259"/>
</kw>
<kw name="Sleep" library="BuiltIn">
<arg>3s</arg>
<doc>Pauses the test executed for the given time.</doc>
<msg timestamp="20211121 16:44:44.261" level="INFO">Slept 3 seconds</msg>
<status status="PASS" starttime="20211121 16:44:41.259" endtime="20211121 16:44:44.261"/>
</kw>
<kw name="Run Keyword And Ignore Error" library="BuiltIn">
<arg>Click</arg>
<arg>selector=${REFERENCE_NUMBER_CALCULATOR}[accept_all_cookies]</arg>
<doc>Runs the given keyword with the given arguments and ignores possible error.</doc>
<kw name="Click" library="Browser">
<arg>selector=${REFERENCE_NUMBER_CALCULATOR}[accept_all_cookies]</arg>
<tag>PageContent</tag>
<tag>Setter</tag>
<doc>Simulates mouse click on the element found by ``selector``.</doc>
<msg timestamp="20211121 16:44:44.380" level="INFO">Highlighted [object Promise] elements for 2000.</msg>
<status status="PASS" starttime="20211121 16:44:44.264" endtime="20211121 16:44:46.462"/>
</kw>
<status status="PASS" starttime="20211121 16:44:44.262" endtime="20211121 16:44:46.463"/>
</kw>
<kw name="Run Keyword And Ignore Error" library="BuiltIn">
<arg>Click</arg>
<arg>selector=${REFERENCE_NUMBER_CALCULATOR}[aktia_bot_activation_button]</arg>
<doc>Runs the given keyword with the given arguments and ignores possible error.</doc>
<kw name="Click" library="Browser">
<arg>selector=${REFERENCE_NUMBER_CALCULATOR}[aktia_bot_activation_button]</arg>
<tag>PageContent</tag>
<tag>Setter</tag>
<doc>Simulates mouse click on the element found by ``selector``.</doc>
<msg timestamp="20211121 16:44:46.734" level="INFO">Highlighted [object Promise] elements for 2000.</msg>
<status status="PASS" starttime="20211121 16:44:46.463" endtime="20211121 16:44:48.951"/>
</kw>
<status status="PASS" starttime="20211121 16:44:46.463" endtime="20211121 16:44:48.951"/>
</kw>
<kw name="Run Keyword And Ignore Error" library="BuiltIn">
<arg>Click</arg>
<arg>selector=${REFERENCE_NUMBER_CALCULATOR}[aktia_bot_close_button]</arg>
<doc>Runs the given keyword with the given arguments and ignores possible error.</doc>
<kw name="Click" library="Browser">
<arg>selector=${REFERENCE_NUMBER_CALCULATOR}[aktia_bot_close_button]</arg>
<tag>PageContent</tag>
<tag>Setter</tag>
<doc>Simulates mouse click on the element found by ``selector``.</doc>
<msg timestamp="20211121 16:44:49.787" level="INFO">Highlighted [object Promise] elements for 2000.</msg>
<status status="PASS" starttime="20211121 16:44:48.952" endtime="20211121 16:44:51.909"/>
</kw>
<status status="PASS" starttime="20211121 16:44:48.952" endtime="20211121 16:44:51.909"/>
</kw>
<status status="PASS" starttime="20211121 16:44:37.692" endtime="20211121 16:44:51.910"/>
</kw>
<test id="s1-t1" name="Verification Engine Smoke Test">
<kw name="Generate Finnish Reference Number" library="VerificationEngine">
<var>${finnish_reference_number}</var>
<arg>12131295</arg>
<msg timestamp="20211121 16:44:51.910" level="INFO">[5, 9, 2, 1, 3, 1, 2, 1]
[7, 3, 1, 7, 3, 1, 7, 3]
[35, 27, 2, 7, 9, 1, 14, 3]
98
100
2</msg>
<msg timestamp="20211121 16:44:51.911" level="INFO">${finnish_reference_number} = 121312952</msg>
<status status="PASS" starttime="20211121 16:44:51.910" endtime="20211121 16:44:51.911"/>
</kw>
<kw name="Should Be Equal As Strings" library="BuiltIn">
<arg>${finnish_reference_number}</arg>
<arg>121312952</arg>
<doc>Fails if objects are unequal after converting them to strings.</doc>
<status status="PASS" starttime="20211121 16:44:51.911" endtime="20211121 16:44:51.911"/>
</kw>
<kw name="Generate International Reference Number" library="VerificationEngine">
<var>${international_reference_number}</var>
<arg>${finnish_reference_number}</arg>
<msg timestamp="20211121 16:44:51.911" level="INFO">[1, 2, 1, 3, 1, 2, 9, 5, 2]
121312952271500
67
[3, 1]
RF31121312952</msg>
<msg timestamp="20211121 16:44:51.912" level="INFO">${international_reference_number} = RF31121312952</msg>
<status status="PASS" starttime="20211121 16:44:51.911" endtime="20211121 16:44:51.912"/>
</kw>
<kw name="Should Be Equal As Strings" library="BuiltIn">
<arg>${international_reference_number}</arg>
<arg>RF31121312952</arg>
<doc>Fails if objects are unequal after converting them to strings.</doc>
<status status="PASS" starttime="20211121 16:44:51.912" endtime="20211121 16:44:51.913"/>
</kw>
<status status="PASS" starttime="20211121 16:44:51.910" endtime="20211121 16:44:51.913"/>
</test>
<test id="s1-t2" name="Scenario 1: Number of Reference Numbers is 1 + Finnish Reference Number">
<kw name="Fill In Reference Number Calculator Data And Check The Results">
<arg>12131295</arg>
<arg>1</arg>
<arg>Suomalainen viitenumero</arg>
<kw name="Clear Finnish Reference Number Basic Part" library="ReferenceNumberCalculatorPO">
<kw name="Clear Text" library="Browser">
<arg>selector=${REFERENCE_NUMBER_CALCULATOR}[basic_part_input_field]</arg>
<tag>PageContent</tag>
<tag>Setter</tag>
<doc>Clears the text field found by ``selector``.</doc>
<status status="PASS" starttime="20211121 16:44:51.914" endtime="20211121 16:44:52.007"/>
</kw>
<status status="PASS" starttime="20211121 16:44:51.914" endtime="20211121 16:44:52.008"/>
</kw>
<kw name="Input Finnish Reference Number Basic Part" library="ReferenceNumberCalculatorPO">
<arg>${finnish_reference_number_basic_part}</arg>
<kw name="Fill Text" library="Browser">
<arg>selector=${REFERENCE_NUMBER_CALCULATOR}[basic_part_input_field]</arg>
<arg>txt=${finnish_reference_number_basic_part}</arg>
<tag>PageContent</tag>
<tag>Setter</tag>
<doc>Clears and fills the given ``txt`` into the text field found by ``selector``.</doc>
<msg timestamp="20211121 16:44:52.010" level="INFO">Fills the text '12131295' in the given field.</msg>
<msg timestamp="20211121 16:44:52.149" level="INFO">Highlighted [object Promise] elements for 2000.</msg>
<status status="PASS" starttime="20211121 16:44:52.009" endtime="20211121 16:44:54.202"/>
</kw>
<status status="PASS" starttime="20211121 16:44:52.008" endtime="20211121 16:44:54.202"/>
</kw>
<kw name="Select Number of Reference Numbers" library="ReferenceNumberCalculatorPO">
<arg>${reference_number_count}</arg>
<kw name="Click" library="Browser">
<arg>selector=${REFERENCE_NUMBER_CALCULATOR}[number_of_reference_numbers]</arg>
<tag>PageContent</tag>
<tag>Setter</tag>
<doc>Simulates mouse click on the element found by ``selector``.</doc>
<msg timestamp="20211121 16:44:54.250" level="INFO">Highlighted [object Promise] elements for 2000.</msg>
<status status="PASS" starttime="20211121 16:44:54.203" endtime="20211121 16:44:56.400"/>
</kw>
<kw name="Select Options By" library="Browser">
<arg>select[name=label]</arg>
<arg>text</arg>
<arg>${reference_number_count}</arg>
<tag>PageContent</tag>
<tag>Setter</tag>
<doc>Selects options from select element found by ``selector``.</doc>
<status status="PASS" starttime="20211121 16:44:56.401" endtime="20211121 16:44:56.449"/>
</kw>
<status status="PASS" starttime="20211121 16:44:54.203" endtime="20211121 16:44:56.449"/>
</kw>
<kw name="Select Reference Number Type" library="ReferenceNumberCalculatorPO">
<arg>${reference_number_type}</arg>
<if>
<branch type="IF" condition="$reference_number_type=='Suomalainen viitenumero'">
<kw name="Click" library="Browser">
<arg>selector=${REFERENCE_NUMBER_CALCULATOR}[reference_number_type_finnish]</arg>
<tag>PageContent</tag>
<tag>Setter</tag>
<doc>Simulates mouse click on the element found by ``selector``.</doc>
<msg timestamp="20211121 16:44:56.526" level="INFO">Highlighted [object Promise] elements for 2000.</msg>
<status status="PASS" starttime="20211121 16:44:56.453" endtime="20211121 16:44:58.610"/>
</kw>
<status status="PASS" starttime="20211121 16:44:56.453" endtime="20211121 16:44:58.611"/>
</branch>
<branch type="ELSE IF" condition="$reference_number_type=='Kansainvälinen viitenumero'">
<kw name="Click" library="Browser">
<arg>selector=${REFERENCE_NUMBER_CALCULATOR}[reference_number_type_international]</arg>
<tag>PageContent</tag>
<tag>Setter</tag>
<doc>Simulates mouse click on the element found by ``selector``.</doc>
<status status="NOT RUN" starttime="20211121 16:44:58.611" endtime="20211121 16:44:58.611"/>
</kw>
<status status="NOT RUN" starttime="20211121 16:44:58.611" endtime="20211121 16:44:58.611"/>
</branch>
<branch type="ELSE">
<kw name="Log To Console" library="BuiltIn">
<arg>Missing Reference Number Type!</arg>
<doc>Logs the given message to the console.</doc>
<status status="NOT RUN" starttime="20211121 16:44:58.611" endtime="20211121 16:44:58.611"/>
</kw>
<status status="NOT RUN" starttime="20211121 16:44:58.611" endtime="20211121 16:44:58.611"/>
</branch>
<status status="PASS" starttime="20211121 16:44:56.450" endtime="20211121 16:44:58.611"/>
</if>
<status status="PASS" starttime="20211121 16:44:56.450" endtime="20211121 16:44:58.611"/>
</kw>
<kw name="Press Calculate Button" library="ReferenceNumberCalculatorPO">
<kw name="Click" library="Browser">
<arg>selector=${REFERENCE_NUMBER_CALCULATOR}[calculate_button]</arg>
<tag>PageContent</tag>
<tag>Setter</tag>
<doc>Simulates mouse click on the element found by ``selector``.</doc>
<msg timestamp="20211121 16:44:58.694" level="INFO">Highlighted [object Promise] elements for 2000.</msg>
<status status="PASS" starttime="20211121 16:44:58.612" endtime="20211121 16:45:00.812"/>
</kw>
<status status="PASS" starttime="20211121 16:44:58.611" endtime="20211121 16:45:00.812"/>
</kw>
<kw name="Sleep" library="BuiltIn">
<arg>2s</arg>
<doc>Pauses the test executed for the given time.</doc>
<msg timestamp="20211121 16:45:02.813" level="INFO">Slept 2 seconds</msg>
<status status="PASS" starttime="20211121 16:45:00.812" endtime="20211121 16:45:02.813"/>
</kw>
<kw name="Fetch Outputted Reference Numbers From The Page" library="ReferenceNumberCalculatorPO">
<var>${outputted_reference_numbers}</var>
<kw name="Create List" library="BuiltIn">
<var>${outputted_reference_numbers}</var>
<doc>Returns a list containing given items.</doc>
<msg timestamp="20211121 16:45:02.814" level="INFO">${outputted_reference_numbers} = []</msg>
<status status="PASS" starttime="20211121 16:45:02.814" endtime="20211121 16:45:02.814"/>
</kw>
<kw name="Get Elements" library="Browser">
<var>${table_rows}</var>
<arg>selector=${REFERENCE_NUMBER_CALCULATOR}[outputted_table_rows]</arg>
<tag>Getter</tag>
<tag>PageContent</tag>
<doc>Returns a reference to playwright element handle for all matched elements by ``selector``.</doc>
<msg timestamp="20211121 16:45:02.833" level="INFO">Found 1 Locators successfully.</msg>
<msg timestamp="20211121 16:45:02.833" level="INFO">${table_rows} = ['element=59dc0afc-0b43-45a4-a93f-65b5748ff39d']</msg>
<status status="PASS" starttime="20211121 16:45:02.814" endtime="20211121 16:45:02.833"/>
</kw>
<for flavor="IN">
<var>${row}</var>
<value>@{table_rows}</value>
<iter>
<var name="${row}">element=59dc0afc-0b43-45a4-a93f-65b5748ff39d</var>
<kw name="Get Text" library="Browser">
<var>${reference_number_text}</var>
<arg>${row}</arg>
<tag>Assertion</tag>
<tag>Getter</tag>
<tag>PageContent</tag>
<doc>Returns text attribute of the element found by ``selector``.</doc>
<msg timestamp="20211121 16:45:02.854" level="INFO">${reference_number_text} = 1213 1295 2</msg>
<status status="PASS" starttime="20211121 16:45:02.834" endtime="20211121 16:45:02.854"/>
</kw>
<kw name="Remove String" library="String">
<var>${reference_number_text}</var>
<arg>${reference_number_text}</arg>
<arg>${SPACE}</arg>
<doc>Removes all ``removables`` from the given ``string``.</doc>
<msg timestamp="20211121 16:45:02.855" level="INFO">${reference_number_text} = 121312952</msg>
<status status="PASS" starttime="20211121 16:45:02.854" endtime="20211121 16:45:02.855"/>
</kw>
<kw name="Append To List" library="Collections">
<arg>${outputted_reference_numbers}</arg>
<arg>${reference_number_text}</arg>
<doc>Adds ``values`` to the end of ``list``.</doc>
<status status="PASS" starttime="20211121 16:45:02.855" endtime="20211121 16:45:02.855"/>
</kw>
<status status="PASS" starttime="20211121 16:45:02.833" endtime="20211121 16:45:02.855"/>
</iter>
<status status="PASS" starttime="20211121 16:45:02.833" endtime="20211121 16:45:02.855"/>
</for>
<msg timestamp="20211121 16:45:02.855" level="INFO">${outputted_reference_numbers} = ['121312952']</msg>
<status status="PASS" starttime="20211121 16:45:02.813" endtime="20211121 16:45:02.855"/>
</kw>
<kw name="Verify Outputted Reference Numbers" library="Common">
<arg>${finnish_reference_number_basic_part}</arg>
<arg>${reference_number_count}</arg>
<arg>${reference_number_type}</arg>
<arg>${outputted_reference_numbers}</arg>
<if>
<branch type="IF" condition="$reference_number_type=='Suomalainen viitenumero'">
<kw name="Verify Finnish Reference Numbers" library="Common">
<arg>${finnish_reference_number_basic_part}</arg>
<arg>${reference_number_count}</arg>
<arg>${outputted_reference_numbers}</arg>
<for flavor="IN">
<var>${outputted_finnish_reference_number}</var>
<value>@{outputted_reference_numbers}</value>
<iter>
<var name="${outputted_finnish_reference_number}">121312952</var>
<kw name="Generate Finnish Reference Number" library="VerificationEngine">
<var>${reference_finnish_reference_number}</var>
<arg>${finnish_reference_number_basic_part}</arg>
<msg timestamp="20211121 16:45:02.857" level="INFO">[5, 9, 2, 1, 3, 1, 2, 1]
[7, 3, 1, 7, 3, 1, 7, 3]
[35, 27, 2, 7, 9, 1, 14, 3]
98
100
2</msg>
<msg timestamp="20211121 16:45:02.857" level="INFO">${reference_finnish_reference_number} = 121312952</msg>
<status status="PASS" starttime="20211121 16:45:02.857" endtime="20211121 16:45:02.857"/>
</kw>
<kw name="Should Be Equal As Strings" library="BuiltIn">
<arg>${reference_finnish_reference_number}</arg>
<arg>${outputted_finnish_reference_number}</arg>
<doc>Fails if objects are unequal after converting them to strings.</doc>
<status status="PASS" starttime="20211121 16:45:02.857" endtime="20211121 16:45:02.857"/>
</kw>
<status status="PASS" starttime="20211121 16:45:02.857" endtime="20211121 16:45:02.857"/>
</iter>
<status status="PASS" starttime="20211121 16:45:02.856" endtime="20211121 16:45:02.857"/>
</for>
<status status="PASS" starttime="20211121 16:45:02.856" endtime="20211121 16:45:02.858"/>
</kw>
<status status="PASS" starttime="20211121 16:45:02.856" endtime="20211121 16:45:02.858"/>
</branch>
<branch type="ELSE IF" condition="$reference_number_type=='Kansainvälinen viitenumero'">
<kw name="Verify International Reference Numbers">
<arg>${finnish_reference_number_basic_part}</arg>
<arg>${reference_number_count}</arg>
<arg>${outputted_reference_numbers}</arg>
<status status="NOT RUN" starttime="20211121 16:45:02.860" endtime="20211121 16:45:02.860"/>
</kw>
<status status="NOT RUN" starttime="20211121 16:45:02.858" endtime="20211121 16:45:02.860"/>
</branch>
<branch type="ELSE">
<kw name="Log To Console" library="BuiltIn">
<arg>Missing Reference Number Type!</arg>
<doc>Logs the given message to the console.</doc>
<status status="NOT RUN" starttime="20211121 16:45:02.860" endtime="20211121 16:45:02.860"/>
</kw>
<status status="NOT RUN" starttime="20211121 16:45:02.860" endtime="20211121 16:45:02.860"/>
</branch>
<status status="PASS" starttime="20211121 16:45:02.856" endtime="20211121 16:45:02.860"/>
</if>
<status status="PASS" starttime="20211121 16:45:02.855" endtime="20211121 16:45:02.860"/>
</kw>
<status status="PASS" starttime="20211121 16:44:51.913" endtime="20211121 16:45:02.861"/>
</kw>
<kw name="Fill In Reference Number Calculator Data And Check The Results">
<arg>12131295</arg>
<arg>10</arg>
<arg>Suomalainen viitenumero</arg>
<kw name="Clear Finnish Reference Number Basic Part" library="ReferenceNumberCalculatorPO">
<kw name="Clear Text" library="Browser">
<arg>selector=${REFERENCE_NUMBER_CALCULATOR}[basic_part_input_field]</arg>
<tag>PageContent</tag>
<tag>Setter</tag>
<doc>Clears the text field found by ``selector``.</doc>
<status status="PASS" starttime="20211121 16:45:02.861" endtime="20211121 16:45:02.902"/>
</kw>
<status status="PASS" starttime="20211121 16:45:02.861" endtime="20211121 16:45:02.902"/>
</kw>
<kw name="Input Finnish Reference Number Basic Part" library="ReferenceNumberCalculatorPO">
<arg>${finnish_reference_number_basic_part}</arg>
<kw name="Fill Text" library="Browser">
<arg>selector=${REFERENCE_NUMBER_CALCULATOR}[basic_part_input_field]</arg>
<arg>txt=${finnish_reference_number_basic_part}</arg>
<tag>PageContent</tag>
<tag>Setter</tag>
<doc>Clears and fills the given ``txt`` into the text field found by ``selector``.</doc>
<msg timestamp="20211121 16:45:02.903" level="INFO">Fills the text '12131295' in the given field.</msg>
<msg timestamp="20211121 16:45:03.001" level="INFO">Highlighted [object Promise] elements for 2000.</msg>
<status status="PASS" starttime="20211121 16:45:02.902" endtime="20211121 16:45:05.047"/>
</kw>
<status status="PASS" starttime="20211121 16:45:02.902" endtime="20211121 16:45:05.047"/>
</kw>
<kw name="Select Number of Reference Numbers" library="ReferenceNumberCalculatorPO">
<arg>${reference_number_count}</arg>
<kw name="Click" library="Browser">
<arg>selector=${REFERENCE_NUMBER_CALCULATOR}[number_of_reference_numbers]</arg>
<tag>PageContent</tag>
<tag>Setter</tag>
<doc>Simulates mouse click on the element found by ``selector``.</doc>
<msg timestamp="20211121 16:45:05.110" level="INFO">Highlighted [object Promise] elements for 2000.</msg>
<status status="PASS" starttime="20211121 16:45:05.047" endtime="20211121 16:45:07.215"/>
</kw>
<kw name="Select Options By" library="Browser">
<arg>select[name=label]</arg>
<arg>text</arg>
<arg>${reference_number_count}</arg>
<tag>PageContent</tag>
<tag>Setter</tag>
<doc>Selects options from select element found by ``selector``.</doc>
<status status="PASS" starttime="20211121 16:45:07.216" endtime="20211121 16:45:07.250"/>
</kw>
<status status="PASS" starttime="20211121 16:45:05.047" endtime="20211121 16:45:07.250"/>
</kw>
<kw name="Select Reference Number Type" library="ReferenceNumberCalculatorPO">
<arg>${reference_number_type}</arg>
<if>
<branch type="IF" condition="$reference_number_type=='Suomalainen viitenumero'">
<kw name="Click" library="Browser">
<arg>selector=${REFERENCE_NUMBER_CALCULATOR}[reference_number_type_finnish]</arg>
<tag>PageContent</tag>
<tag>Setter</tag>
<doc>Simulates mouse click on the element found by ``selector``.</doc>
<msg timestamp="20211121 16:45:07.299" level="INFO">Highlighted [object Promise] elements for 2000.</msg>
<status status="PASS" starttime="20211121 16:45:07.251" endtime="20211121 16:45:09.379"/>
</kw>
<status status="PASS" starttime="20211121 16:45:07.251" endtime="20211121 16:45:09.379"/>
</branch>
<branch type="ELSE IF" condition="$reference_number_type=='Kansainvälinen viitenumero'">
<kw name="Click" library="Browser">
<arg>selector=${REFERENCE_NUMBER_CALCULATOR}[reference_number_type_international]</arg>
<tag>PageContent</tag>
<tag>Setter</tag>
<doc>Simulates mouse click on the element found by ``selector``.</doc>
<status status="NOT RUN" starttime="20211121 16:45:09.379" endtime="20211121 16:45:09.379"/>
</kw>
<status status="NOT RUN" starttime="20211121 16:45:09.379" endtime="20211121 16:45:09.380"/>
</branch>
<branch type="ELSE">
<kw name="Log To Console" library="BuiltIn">
<arg>Missing Reference Number Type!</arg>
<doc>Logs the given message to the console.</doc>
<status status="NOT RUN" starttime="20211121 16:45:09.380" endtime="20211121 16:45:09.380"/>
</kw>
<status status="NOT RUN" starttime="20211121 16:45:09.380" endtime="20211121 16:45:09.380"/>
</branch>
<status status="PASS" starttime="20211121 16:45:07.251" endtime="20211121 16:45:09.380"/>
</if>
<status status="PASS" starttime="20211121 16:45:07.250" endtime="20211121 16:45:09.380"/>
</kw>
<kw name="Press Calculate Button" library="ReferenceNumberCalculatorPO">
<kw name="Click" library="Browser">
<arg>selector=${REFERENCE_NUMBER_CALCULATOR}[calculate_button]</arg>
<tag>PageContent</tag>
<tag>Setter</tag>
<doc>Simulates mouse click on the element found by ``selector``.</doc>
<msg timestamp="20211121 16:45:09.481" level="INFO">Highlighted [object Promise] elements for 2000.</msg>
<status status="PASS" starttime="20211121 16:45:09.381" endtime="20211121 16:45:11.598"/>
</kw>
<status status="PASS" starttime="20211121 16:45:09.380" endtime="20211121 16:45:11.598"/>
</kw>
<kw name="Sleep" library="BuiltIn">
<arg>2s</arg>
<doc>Pauses the test executed for the given time.</doc>
<msg timestamp="20211121 16:45:13.601" level="INFO">Slept 2 seconds</msg>
<status status="PASS" starttime="20211121 16:45:11.598" endtime="20211121 16:45:13.601"/>
</kw>
<kw name="Fetch Outputted Reference Numbers From The Page" library="ReferenceNumberCalculatorPO">
<var>${outputted_reference_numbers}</var>
<kw name="Create List" library="BuiltIn">
<var>${outputted_reference_numbers}</var>
<doc>Returns a list containing given items.</doc>
<msg timestamp="20211121 16:45:13.608" level="INFO">${outputted_reference_numbers} = []</msg>
<status status="PASS" starttime="20211121 16:45:13.606" endtime="20211121 16:45:13.608"/>
</kw>
<kw name="Get Elements" library="Browser">
<var>${table_rows}</var>
<arg>selector=${REFERENCE_NUMBER_CALCULATOR}[outputted_table_rows]</arg>
<tag>Getter</tag>
<tag>PageContent</tag>
<doc>Returns a reference to playwright element handle for all matched elements by ``selector``.</doc>
<msg timestamp="20211121 16:45:13.649" level="INFO">Found 10 Locators successfully.</msg>
<msg timestamp="20211121 16:45:13.649" level="INFO">${table_rows} = ['element=89a696ec-68f0-420f-8a6e-5da9ed650769', 'element=ceb0e483-011a-4990-9a16-a6db20d2af54', 'element=a6c6a026-8c0b-469a-bd02-032a320633c5', 'element=4ffd8489-d8f7-4210-a79d-b90dac820ff3', 'elemen...</msg>
<status status="PASS" starttime="20211121 16:45:13.609" endtime="20211121 16:45:13.649"/>
</kw>
<for flavor="IN">
<var>${row}</var>
<value>@{table_rows}</value>
<iter>
<var name="${row}">element=89a696ec-68f0-420f-8a6e-5da9ed650769</var>
<kw name="Get Text" library="Browser">
<var>${reference_number_text}</var>
<arg>${row}</arg>
<tag>Assertion</tag>
<tag>Getter</tag>
<tag>PageContent</tag>
<doc>Returns text attribute of the element found by ``selector``.</doc>
<msg timestamp="20211121 16:45:13.667" level="INFO">${reference_number_text} = 1213 1295 2</msg>
<status status="PASS" starttime="20211121 16:45:13.650" endtime="20211121 16:45:13.668"/>
</kw>
<kw name="Remove String" library="String">
<var>${reference_number_text}</var>
<arg>${reference_number_text}</arg>
<arg>${SPACE}</arg>
<doc>Removes all ``removables`` from the given ``string``.</doc>
<msg timestamp="20211121 16:45:13.668" level="INFO">${reference_number_text} = 121312952</msg>
<status status="PASS" starttime="20211121 16:45:13.668" endtime="20211121 16:45:13.668"/>
</kw>
<kw name="Append To List" library="Collections">
<arg>${outputted_reference_numbers}</arg>
<arg>${reference_number_text}</arg>
<doc>Adds ``values`` to the end of ``list``.</doc>
<status status="PASS" starttime="20211121 16:45:13.668" endtime="20211121 16:45:13.668"/>
</kw>
<status status="PASS" starttime="20211121 16:45:13.650" endtime="20211121 16:45:13.669"/>
</iter>
<iter>
<var name="${row}">element=ceb0e483-011a-4990-9a16-a6db20d2af54</var>
<kw name="Get Text" library="Browser">
<var>${reference_number_text}</var>
<arg>${row}</arg>
<tag>Assertion</tag>
<tag>Getter</tag>
<tag>PageContent</tag>
<doc>Returns text attribute of the element found by ``selector``.</doc>
<msg timestamp="20211121 16:45:13.687" level="INFO">${reference_number_text} = 1213 1296 5</msg>
<status status="PASS" starttime="20211121 16:45:13.669" endtime="20211121 16:45:13.687"/>
</kw>
<kw name="Remove String" library="String">
<var>${reference_number_text}</var>
<arg>${reference_number_text}</arg>
<arg>${SPACE}</arg>
<doc>Removes all ``removables`` from the given ``string``.</doc>
<msg timestamp="20211121 16:45:13.688" level="INFO">${reference_number_text} = 121312965</msg>
<status status="PASS" starttime="20211121 16:45:13.687" endtime="20211121 16:45:13.688"/>
</kw>
<kw name="Append To List" library="Collections">
<arg>${outputted_reference_numbers}</arg>
<arg>${reference_number_text}</arg>
<doc>Adds ``values`` to the end of ``list``.</doc>
<status status="PASS" starttime="20211121 16:45:13.688" endtime="20211121 16:45:13.688"/>
</kw>
<status status="PASS" starttime="20211121 16:45:13.669" endtime="20211121 16:45:13.688"/>
</iter>
<iter>
<var name="${row}">element=a6c6a026-8c0b-469a-bd02-032a320633c5</var>
<kw name="Get Text" library="Browser">
<var>${reference_number_text}</var>
<arg>${row}</arg>
<tag>Assertion</tag>
<tag>Getter</tag>
<tag>PageContent</tag>
<doc>Returns text attribute of the element found by ``selector``.</doc>
<msg timestamp="20211121 16:45:13.705" level="INFO">${reference_number_text} = 1213 1297 8</msg>
<status status="PASS" starttime="20211121 16:45:13.688" endtime="20211121 16:45:13.705"/>
</kw>
<kw name="Remove String" library="String">
<var>${reference_number_text}</var>
<arg>${reference_number_text}</arg>
<arg>${SPACE}</arg>
<doc>Removes all ``removables`` from the given ``string``.</doc>
<msg timestamp="20211121 16:45:13.706" level="INFO">${reference_number_text} = 121312978</msg>
<status status="PASS" starttime="20211121 16:45:13.706" endtime="20211121 16:45:13.706"/>
</kw>
<kw name="Append To List" library="Collections">
<arg>${outputted_reference_numbers}</arg>
<arg>${reference_number_text}</arg>
<doc>Adds ``values`` to the end of ``list``.</doc>
<status status="PASS" starttime="20211121 16:45:13.706" endtime="20211121 16:45:13.706"/>
</kw>
<status status="PASS" starttime="20211121 16:45:13.688" endtime="20211121 16:45:13.706"/>
</iter>
<iter>
<var name="${row}">element=4ffd8489-d8f7-4210-a79d-b90dac820ff3</var>
<kw name="Get Text" library="Browser">
<var>${reference_number_text}</var>
<arg>${row}</arg>
<tag>Assertion</tag>
<tag>Getter</tag>
<tag>PageContent</tag>
<doc>Returns text attribute of the element found by ``selector``.</doc>
<msg timestamp="20211121 16:45:13.732" level="INFO">${reference_number_text} = 1213 1298 1</msg>
<status status="PASS" starttime="20211121 16:45:13.707" endtime="20211121 16:45:13.732"/>
</kw>
<kw name="Remove String" library="String">
<var>${reference_number_text}</var>
<arg>${reference_number_text}</arg>
<arg>${SPACE}</arg>
<doc>Removes all ``removables`` from the given ``string``.</doc>
<msg timestamp="20211121 16:45:13.732" level="INFO">${reference_number_text} = 121312981</msg>
<status status="PASS" starttime="20211121 16:45:13.732" endtime="20211121 16:45:13.732"/>
</kw>
<kw name="Append To List" library="Collections">
<arg>${outputted_reference_numbers}</arg>
<arg>${reference_number_text}</arg>
<doc>Adds ``values`` to the end of ``list``.</doc>
<status status="PASS" starttime="20211121 16:45:13.732" endtime="20211121 16:45:13.733"/>
</kw>
<status status="PASS" starttime="20211121 16:45:13.706" endtime="20211121 16:45:13.733"/>
</iter>
<iter>
<var name="${row}">element=43cdb81e-5c88-4fe8-b533-e1b1375d9d3d</var>
<kw name="Get Text" library="Browser">
<var>${reference_number_text}</var>
<arg>${row}</arg>
<tag>Assertion</tag>
<tag>Getter</tag>
<tag>PageContent</tag>
<doc>Returns text attribute of the element found by ``selector``.</doc>
<msg timestamp="20211121 16:45:13.753" level="INFO">${reference_number_text} = 1213 1299 4</msg>
<status status="PASS" starttime="20211121 16:45:13.733" endtime="20211121 16:45:13.753"/>
</kw>
<kw name="Remove String" library="String">
<var>${reference_number_text}</var>
<arg>${reference_number_text}</arg>
<arg>${SPACE}</arg>
<doc>Removes all ``removables`` from the given ``string``.</doc>
<msg timestamp="20211121 16:45:13.753" level="INFO">${reference_number_text} = 121312994</msg>
<status status="PASS" starttime="20211121 16:45:13.753" endtime="20211121 16:45:13.753"/>
</kw>
<kw name="Append To List" library="Collections">
<arg>${outputted_reference_numbers}</arg>
<arg>${reference_number_text}</arg>
<doc>Adds ``values`` to the end of ``list``.</doc>
<status status="PASS" starttime="20211121 16:45:13.753" endtime="20211121 16:45:13.753"/>
</kw>
<status status="PASS" starttime="20211121 16:45:13.733" endtime="20211121 16:45:13.754"/>
</iter>
<iter>
<var name="${row}">element=cb17ab3b-894a-48b3-ac2f-c72182be2e94</var>
<kw name="Get Text" library="Browser">
<var>${reference_number_text}</var>
<arg>${row}</arg>
<tag>Assertion</tag>
<tag>Getter</tag>
<tag>PageContent</tag>
<doc>Returns text attribute of the element found by ``selector``.</doc>
<msg timestamp="20211121 16:45:13.780" level="INFO">${reference_number_text} = 1213 1300 3</msg>
<status status="PASS" starttime="20211121 16:45:13.754" endtime="20211121 16:45:13.780"/>
</kw>
<kw name="Remove String" library="String">
<var>${reference_number_text}</var>
<arg>${reference_number_text}</arg>
<arg>${SPACE}</arg>
<doc>Removes all ``removables`` from the given ``string``.</doc>
<msg timestamp="20211121 16:45:13.781" level="INFO">${reference_number_text} = 121313003</msg>
<status status="PASS" starttime="20211121 16:45:13.780" endtime="20211121 16:45:13.781"/>
</kw>
<kw name="Append To List" library="Collections">
<arg>${outputted_reference_numbers}</arg>
<arg>${reference_number_text}</arg>
<doc>Adds ``values`` to the end of ``list``.</doc>
<status status="PASS" starttime="20211121 16:45:13.781" endtime="20211121 16:45:13.781"/>
</kw>
<status status="PASS" starttime="20211121 16:45:13.754" endtime="20211121 16:45:13.781"/>
</iter>
<iter>
<var name="${row}">element=e95dcdca-7efc-40c3-9c42-d74d3ba34e83</var>
<kw name="Get Text" library="Browser">
<var>${reference_number_text}</var>
<arg>${row}</arg>
<tag>Assertion</tag>
<tag>Getter</tag>
<tag>PageContent</tag>
<doc>Returns text attribute of the element found by ``selector``.</doc>
<msg timestamp="20211121 16:45:13.803" level="INFO">${reference_number_text} = 1213 1301 6</msg>
<status status="PASS" starttime="20211121 16:45:13.781" endtime="20211121 16:45:13.803"/>
</kw>
<kw name="Remove String" library="String">
<var>${reference_number_text}</var>
<arg>${reference_number_text}</arg>
<arg>${SPACE}</arg>
<doc>Removes all ``removables`` from the given ``string``.</doc>
<msg timestamp="20211121 16:45:13.803" level="INFO">${reference_number_text} = 121313016</msg>
<status status="PASS" starttime="20211121 16:45:13.803" endtime="20211121 16:45:13.803"/>
</kw>
<kw name="Append To List" library="Collections">
<arg>${outputted_reference_numbers}</arg>
<arg>${reference_number_text}</arg>
<doc>Adds ``values`` to the end of ``list``.</doc>
<status status="PASS" starttime="20211121 16:45:13.803" endtime="20211121 16:45:13.803"/>
</kw>
<status status="PASS" starttime="20211121 16:45:13.781" endtime="20211121 16:45:13.803"/>
</iter>
<iter>
<var name="${row}">element=21ad03c7-befa-44d6-89a4-830778c0c6e8</var>
<kw name="Get Text" library="Browser">
<var>${reference_number_text}</var>
<arg>${row}</arg>
<tag>Assertion</tag>
<tag>Getter</tag>
<tag>PageContent</tag>
<doc>Returns text attribute of the element found by ``selector``.</doc>
<msg timestamp="20211121 16:45:13.823" level="INFO">${reference_number_text} = 1213 1302 9</msg>
<status status="PASS" starttime="20211121 16:45:13.804" endtime="20211121 16:45:13.823"/>
</kw>
<kw name="Remove String" library="String">
<var>${reference_number_text}</var>
<arg>${reference_number_text}</arg>
<arg>${SPACE}</arg>
<doc>Removes all ``removables`` from the given ``string``.</doc>
<msg timestamp="20211121 16:45:13.824" level="INFO">${reference_number_text} = 121313029</msg>
<status status="PASS" starttime="20211121 16:45:13.823" endtime="20211121 16:45:13.824"/>
</kw>
<kw name="Append To List" library="Collections">
<arg>${outputted_reference_numbers}</arg>
<arg>${reference_number_text}</arg>
<doc>Adds ``values`` to the end of ``list``.</doc>
<status status="PASS" starttime="20211121 16:45:13.824" endtime="20211121 16:45:13.824"/>
</kw>
<status status="PASS" starttime="20211121 16:45:13.804" endtime="20211121 16:45:13.824"/>
</iter>
<iter>
<var name="${row}">element=e8b613c2-0d31-4123-b9c4-91fc17dd6533</var>
<kw name="Get Text" library="Browser">
<var>${reference_number_text}</var>
<arg>${row}</arg>
<tag>Assertion</tag>
<tag>Getter</tag>
<tag>PageContent</tag>
<doc>Returns text attribute of the element found by ``selector``.</doc>
<msg timestamp="20211121 16:45:13.842" level="INFO">${reference_number_text} = 1213 1303 2</msg>
<status status="PASS" starttime="20211121 16:45:13.824" endtime="20211121 16:45:13.842"/>
</kw>
<kw name="Remove String" library="String">
<var>${reference_number_text}</var>
<arg>${reference_number_text}</arg>
<arg>${SPACE}</arg>
<doc>Removes all ``removables`` from the given ``string``.</doc>
<msg timestamp="20211121 16:45:13.843" level="INFO">${reference_number_text} = 121313032</msg>
<status status="PASS" starttime="20211121 16:45:13.842" endtime="20211121 16:45:13.843"/>
</kw>
<kw name="Append To List" library="Collections">
<arg>${outputted_reference_numbers}</arg>
<arg>${reference_number_text}</arg>
<doc>Adds ``values`` to the end of ``list``.</doc>
<status status="PASS" starttime="20211121 16:45:13.843" endtime="20211121 16:45:13.843"/>
</kw>
<status status="PASS" starttime="20211121 16:45:13.824" endtime="20211121 16:45:13.843"/>
</iter>
<iter>
<var name="${row}">element=2a7e9b07-6143-4dba-8a1a-8ca445b5351a</var>
<kw name="Get Text" library="Browser">
<var>${reference_number_text}</var>
<arg>${row}</arg>
<tag>Assertion</tag>
<tag>Getter</tag>
<tag>PageContent</tag>
<doc>Returns text attribute of the element found by ``selector``.</doc>
<msg timestamp="20211121 16:45:13.864" level="INFO">${reference_number_text} = 1213 1304 5</msg>
<status status="PASS" starttime="20211121 16:45:13.843" endtime="20211121 16:45:13.864"/>
</kw>
<kw name="Remove String" library="String">
<var>${reference_number_text}</var>
<arg>${reference_number_text}</arg>
<arg>${SPACE}</arg>
<doc>Removes all ``removables`` from the given ``string``.</doc>
<msg timestamp="20211121 16:45:13.865" level="INFO">${reference_number_text} = 121313045</msg>
<status status="PASS" starttime="20211121 16:45:13.865" endtime="20211121 16:45:13.865"/>
</kw>
<kw name="Append To List" library="Collections">
<arg>${outputted_reference_numbers}</arg>
<arg>${reference_number_text}</arg>
<doc>Adds ``values`` to the end of ``list``.</doc>
<status status="PASS" starttime="20211121 16:45:13.865" endtime="20211121 16:45:13.865"/>
</kw>
<status status="PASS" starttime="20211121 16:45:13.843" endtime="20211121 16:45:13.865"/>
</iter>
<status status="PASS" starttime="20211121 16:45:13.649" endtime="20211121 16:45:13.865"/>
</for>
<msg timestamp="20211121 16:45:13.866" level="INFO">${outputted_reference_numbers} = ['121312952', '121312965', '121312978', '121312981', '121312994', '121313003', '121313016', '121313029', '121313032', '121313045']</msg>
<status status="PASS" starttime="20211121 16:45:13.602" endtime="20211121 16:45:13.866"/>
</kw>
<kw name="Verify Outputted Reference Numbers" library="Common">
<arg>${finnish_reference_number_basic_part}</arg>
<arg>${reference_number_count}</arg>
<arg>${reference_number_type}</arg>
<arg>${outputted_reference_numbers}</arg>
<if>
<branch type="IF" condition="$reference_number_type=='Suomalainen viitenumero'">
<kw name="Verify Finnish Reference Numbers" library="Common">
<arg>${finnish_reference_number_basic_part}</arg>
<arg>${reference_number_count}</arg>
<arg>${outputted_reference_numbers}</arg>
<for flavor="IN">
<var>${outputted_finnish_reference_number}</var>
<value>@{outputted_reference_numbers}</value>
<iter>
<var name="${outputted_finnish_reference_number}">121312952</var>
<kw name="Generate Finnish Reference Number" library="VerificationEngine">
<var>${reference_finnish_reference_number}</var>
<arg>${finnish_reference_number_basic_part}</arg>
<msg timestamp="20211121 16:45:13.867" level="INFO">[5, 9, 2, 1, 3, 1, 2, 1]
[7, 3, 1, 7, 3, 1, 7, 3]
[35, 27, 2, 7, 9, 1, 14, 3]
98
100
2</msg>
<msg timestamp="20211121 16:45:13.867" level="INFO">${reference_finnish_reference_number} = 121312952</msg>
<status status="PASS" starttime="20211121 16:45:13.867" endtime="20211121 16:45:13.867"/>
</kw>
<kw name="Should Be Equal As Strings" library="BuiltIn">
<arg>${reference_finnish_reference_number}</arg>
<arg>${outputted_finnish_reference_number}</arg>
<doc>Fails if objects are unequal after converting them to strings.</doc>
<status status="PASS" starttime="20211121 16:45:13.868" endtime="20211121 16:45:13.868"/>
</kw>
<status status="PASS" starttime="20211121 16:45:13.867" endtime="20211121 16:45:13.868"/>
</iter>
<iter>
<var name="${outputted_finnish_reference_number}">121312965</var>
<kw name="Generate Finnish Reference Number" library="VerificationEngine">
<var>${reference_finnish_reference_number}</var>
<arg>${finnish_reference_number_basic_part}</arg>
<msg timestamp="20211121 16:45:13.868" level="INFO">[5, 9, 2, 1, 3, 1, 2, 1]
[7, 3, 1, 7, 3, 1, 7, 3]
[35, 27, 2, 7, 9, 1, 14, 3]
98
100
2</msg>
<msg timestamp="20211121 16:45:13.868" level="INFO">${reference_finnish_reference_number} = 121312952</msg>
<status status="PASS" starttime="20211121 16:45:13.868" endtime="20211121 16:45:13.868"/>
</kw>
<kw name="Should Be Equal As Strings" library="BuiltIn">
<arg>${reference_finnish_reference_number}</arg>
<arg>${outputted_finnish_reference_number}</arg>
<doc>Fails if objects are unequal after converting them to strings.</doc>
<msg timestamp="20211121 16:45:13.869" level="FAIL">121312952 != 121312965</msg>
<status status="FAIL" starttime="20211121 16:45:13.868" endtime="20211121 16:45:13.869"/>
</kw>
<status status="FAIL" starttime="20211121 16:45:13.868" endtime="20211121 16:45:13.870"/>
</iter>
<status status="FAIL" starttime="20211121 16:45:13.867" endtime="20211121 16:45:13.870"/>
</for>
<status status="FAIL" starttime="20211121 16:45:13.867" endtime="20211121 16:45:13.870"/>
</kw>
<status status="FAIL" starttime="20211121 16:45:13.866" endtime="20211121 16:45:13.871"/>
</branch>
<branch type="ELSE IF" condition="$reference_number_type=='Kansainvälinen viitenumero'">
<kw name="Verify International Reference Numbers">
<arg>${finnish_reference_number_basic_part}</arg>
<arg>${reference_number_count}</arg>
<arg>${outputted_reference_numbers}</arg>
<status status="NOT RUN" starttime="20211121 16:45:13.873" endtime="20211121 16:45:13.873"/>
</kw>
<status status="NOT RUN" starttime="20211121 16:45:13.871" endtime="20211121 16:45:13.873"/>
</branch>
<branch type="ELSE">
<kw name="Log To Console" library="BuiltIn">
<arg>Missing Reference Number Type!</arg>
<doc>Logs the given message to the console.</doc>
<status status="NOT RUN" starttime="20211121 16:45:13.873" endtime="20211121 16:45:13.873"/>
</kw>
<status status="NOT RUN" starttime="20211121 16:45:13.873" endtime="20211121 16:45:13.873"/>
</branch>
<status status="FAIL" starttime="20211121 16:45:13.866" endtime="20211121 16:45:13.873"/>
</if>
<status status="FAIL" starttime="20211121 16:45:13.866" endtime="20211121 16:45:13.877"/>
</kw>
<status status="FAIL" starttime="20211121 16:45:02.861" endtime="20211121 16:45:13.877"/>
</kw>
<kw name="Fill In Reference Number Calculator Data And Check The Results">
<arg>12131295</arg>
<arg>25</arg>
<arg>Suomalainen viitenumero</arg>
<kw name="Clear Finnish Reference Number Basic Part" library="ReferenceNumberCalculatorPO">
<kw name="Clear Text" library="Browser">
<arg>selector=${REFERENCE_NUMBER_CALCULATOR}[basic_part_input_field]</arg>
<tag>PageContent</tag>
<tag>Setter</tag>
<doc>Clears the text field found by ``selector``.</doc>
<status status="PASS" starttime="20211121 16:45:13.878" endtime="20211121 16:45:13.909"/>
</kw>
<status status="PASS" starttime="20211121 16:45:13.878" endtime="20211121 16:45:13.910"/>
</kw>
<kw name="Input Finnish Reference Number Basic Part" library="ReferenceNumberCalculatorPO">
<arg>${finnish_reference_number_basic_part}</arg>
<kw name="Fill Text" library="Browser">
<arg>selector=${REFERENCE_NUMBER_CALCULATOR}[basic_part_input_field]</arg>
<arg>txt=${finnish_reference_number_basic_part}</arg>
<tag>PageContent</tag>
<tag>Setter</tag>
<doc>Clears and fills the given ``txt`` into the text field found by ``selector``.</doc>
<msg timestamp="20211121 16:45:13.912" level="INFO">Fills the text '12131295' in the given field.</msg>
<msg timestamp="20211121 16:45:13.986" level="INFO">Highlighted [object Promise] elements for 2000.</msg>
<status status="PASS" starttime="20211121 16:45:13.911" endtime="20211121 16:45:16.045"/>
</kw>
<status status="PASS" starttime="20211121 16:45:13.910" endtime="20211121 16:45:16.046"/>
</kw>
<kw name="Select Number of Reference Numbers" library="ReferenceNumberCalculatorPO">
<arg>${reference_number_count}</arg>
<kw name="Click" library="Browser">
<arg>selector=${REFERENCE_NUMBER_CALCULATOR}[number_of_reference_numbers]</arg>
<tag>PageContent</tag>
<tag>Setter</tag>
<doc>Simulates mouse click on the element found by ``selector``.</doc>
<msg timestamp="20211121 16:45:16.103" level="INFO">Highlighted [object Promise] elements for 2000.</msg>
<status status="PASS" starttime="20211121 16:45:16.046" endtime="20211121 16:45:18.193"/>
</kw>
<kw name="Select Options By" library="Browser">
<arg>select[name=label]</arg>
<arg>text</arg>
<arg>${reference_number_count}</arg>
<tag>PageContent</tag>
<tag>Setter</tag>
<doc>Selects options from select element found by ``selector``.</doc>
<status status="PASS" starttime="20211121 16:45:18.193" endtime="20211121 16:45:18.241"/>
</kw>
<status status="PASS" starttime="20211121 16:45:16.046" endtime="20211121 16:45:18.241"/>
</kw>
<kw name="Select Reference Number Type" library="ReferenceNumberCalculatorPO">
<arg>${reference_number_type}</arg>
<if>
<branch type="IF" condition="$reference_number_type=='Suomalainen viitenumero'">
<kw name="Click" library="Browser">
<arg>selector=${REFERENCE_NUMBER_CALCULATOR}[reference_number_type_finnish]</arg>
<tag>PageContent</tag>
<tag>Setter</tag>
<doc>Simulates mouse click on the element found by ``selector``.</doc>
<msg timestamp="20211121 16:45:18.297" level="INFO">Highlighted [object Promise] elements for 2000.</msg>
<status status="PASS" starttime="20211121 16:45:18.242" endtime="20211121 16:45:20.389"/>
</kw>
<status status="PASS" starttime="20211121 16:45:18.242" endtime="20211121 16:45:20.389"/>
</branch>
<branch type="ELSE IF" condition="$reference_number_type=='Kansainvälinen viitenumero'">
<kw name="Click" library="Browser">
<arg>selector=${REFERENCE_NUMBER_CALCULATOR}[reference_number_type_international]</arg>
<tag>PageContent</tag>
<tag>Setter</tag>
<doc>Simulates mouse click on the element found by ``selector``.</doc>
<status status="NOT RUN" starttime="20211121 16:45:20.389" endtime="20211121 16:45:20.389"/>
</kw>
<status status="NOT RUN" starttime="20211121 16:45:20.389" endtime="20211121 16:45:20.389"/>
</branch>
<branch type="ELSE">
<kw name="Log To Console" library="BuiltIn">
<arg>Missing Reference Number Type!</arg>
<doc>Logs the given message to the console.</doc>
<status status="NOT RUN" starttime="20211121 16:45:20.389" endtime="20211121 16:45:20.389"/>
</kw>
<status status="NOT RUN" starttime="20211121 16:45:20.389" endtime="20211121 16:45:20.389"/>
</branch>
<status status="PASS" starttime="20211121 16:45:18.242" endtime="20211121 16:45:20.389"/>
</if>
<status status="PASS" starttime="20211121 16:45:18.242" endtime="20211121 16:45:20.390"/>
</kw>
<kw name="Press Calculate Button" library="ReferenceNumberCalculatorPO">
<kw name="Click" library="Browser">
<arg>selector=${REFERENCE_NUMBER_CALCULATOR}[calculate_button]</arg>
<tag>PageContent</tag>
<tag>Setter</tag>
<doc>Simulates mouse click on the element found by ``selector``.</doc>
<msg timestamp="20211121 16:45:20.473" level="INFO">Highlighted [object Promise] elements for 2000.</msg>
<status status="PASS" starttime="20211121 16:45:20.390" endtime="20211121 16:45:22.578"/>
</kw>
<status status="PASS" starttime="20211121 16:45:20.390" endtime="20211121 16:45:22.578"/>
</kw>
<kw name="Sleep" library="BuiltIn">
<arg>2s</arg>
<doc>Pauses the test executed for the given time.</doc>
<msg timestamp="20211121 16:45:24.580" level="INFO">Slept 2 seconds</msg>
<status status="PASS" starttime="20211121 16:45:22.578" endtime="20211121 16:45:24.581"/>
</kw>
<kw name="Fetch Outputted Reference Numbers From The Page" library="ReferenceNumberCalculatorPO">
<var>${outputted_reference_numbers}</var>
<kw name="Create List" library="BuiltIn">
<var>${outputted_reference_numbers}</var>
<doc>Returns a list containing given items.</doc>
<msg timestamp="20211121 16:45:24.582" level="INFO">${outputted_reference_numbers} = []</msg>
<status status="PASS" starttime="20211121 16:45:24.581" endtime="20211121 16:45:24.582"/>
</kw>
<kw name="Get Elements" library="Browser">
<var>${table_rows}</var>
<arg>selector=${REFERENCE_NUMBER_CALCULATOR}[outputted_table_rows]</arg>
<tag>Getter</tag>
<tag>PageContent</tag>
<doc>Returns a reference to playwright element handle for all matched elements by ``selector``.</doc>
<msg timestamp="20211121 16:45:24.609" level="INFO">Found 25 Locators successfully.</msg>
<msg timestamp="20211121 16:45:24.609" level="INFO">${table_rows} = ['element=f8864e69-b7fc-4c94-93f3-3742c2615ad3', 'element=3125d55c-24cf-4a1b-8e61-8c3be54b1d13', 'element=3d899c78-b637-46ec-ac37-fff65fabca74', 'element=87f383aa-8349-4bb8-ae9c-086deddef101', 'elemen...</msg>
<status status="PASS" starttime="20211121 16:45:24.582" endtime="20211121 16:45:24.609"/>
</kw>
<for flavor="IN">
<var>${row}</var>
<value>@{table_rows}</value>
<iter>
<var name="${row}">element=f8864e69-b7fc-4c94-93f3-3742c2615ad3</var>
<kw name="Get Text" library="Browser">
<var>${reference_number_text}</var>
<arg>${row}</arg>
<tag>Assertion</tag>
<tag>Getter</tag>
<tag>PageContent</tag>
<doc>Returns text attribute of the element found by ``selector``.</doc>
<msg timestamp="20211121 16:45:24.627" level="INFO">${reference_number_text} = 1213 1295 2</msg>
<status status="PASS" starttime="20211121 16:45:24.610" endtime="20211121 16:45:24.627"/>
</kw>
<kw name="Remove String" library="String">
<var>${reference_number_text}</var>
<arg>${reference_number_text}</arg>
<arg>${SPACE}</arg>
<doc>Removes all ``removables`` from the given ``string``.</doc>
<msg timestamp="20211121 16:45:24.628" level="INFO">${reference_number_text} = 121312952</msg>
<status status="PASS" starttime="20211121 16:45:24.627" endtime="20211121 16:45:24.628"/>
</kw>
<kw name="Append To List" library="Collections">
<arg>${outputted_reference_numbers}</arg>
<arg>${reference_number_text}</arg>
<doc>Adds ``values`` to the end of ``list``.</doc>
<status status="PASS" starttime="20211121 16:45:24.628" endtime="20211121 16:45:24.628"/>
</kw>
<status status="PASS" starttime="20211121 16:45:24.610" endtime="20211121 16:45:24.628"/>
</iter>
<iter>
<var name="${row}">element=3125d55c-24cf-4a1b-8e61-8c3be54b1d13</var>
<kw name="Get Text" library="Browser">
<var>${reference_number_text}</var>
<arg>${row}</arg>
<tag>Assertion</tag>
<tag>Getter</tag>
<tag>PageContent</tag>
<doc>Returns text attribute of the element found by ``selector``.</doc>
<msg timestamp="20211121 16:45:24.662" level="INFO">${reference_number_text} = 1213 1296 5</msg>
<status status="PASS" starttime="20211121 16:45:24.628" endtime="20211121 16:45:24.662"/>
</kw>
<kw name="Remove String" library="String">
<var>${reference_number_text}</var>
<arg>${reference_number_text}</arg>
<arg>${SPACE}</arg>
<doc>Removes all ``removables`` from the given ``string``.</doc>
<msg timestamp="20211121 16:45:24.662" level="INFO">${reference_number_text} = 121312965</msg>
<status status="PASS" starttime="20211121 16:45:24.662" endtime="20211121 16:45:24.662"/>
</kw>
<kw name="Append To List" library="Collections">
<arg>${outputted_reference_numbers}</arg>
<arg>${reference_number_text}</arg>
<doc>Adds ``values`` to the end of ``list``.</doc>
<status status="PASS" starttime="20211121 16:45:24.662" endtime="20211121 16:45:24.662"/>
</kw>
<status status="PASS" starttime="20211121 16:45:24.628" endtime="20211121 16:45:24.662"/>
</iter>
<iter>
<var name="${row}">element=3d899c78-b637-46ec-ac37-fff65fabca74</var>
<kw name="Get Text" library="Browser">
<var>${reference_number_text}</var>
<arg>${row}</arg>
<tag>Assertion</tag>
<tag>Getter</tag>
<tag>PageContent</tag>
<doc>Returns text attribute of the element found by ``selector``.</doc>
<msg timestamp="20211121 16:45:24.681" level="INFO">${reference_number_text} = 1213 1297 8</msg>
<status status="PASS" starttime="20211121 16:45:24.663" endtime="20211121 16:45:24.681"/>
</kw>
<kw name="Remove String" library="String">
<var>${reference_number_text}</var>
<arg>${reference_number_text}</arg>
<arg>${SPACE}</arg>
<doc>Removes all ``removables`` from the given ``string``.</doc>
<msg timestamp="20211121 16:45:24.681" level="INFO">${reference_number_text} = 121312978</msg>
<status status="PASS" starttime="20211121 16:45:24.681" endtime="20211121 16:45:24.681"/>
</kw>
<kw name="Append To List" library="Collections">
<arg>${outputted_reference_numbers}</arg>
<arg>${reference_number_text}</arg>
<doc>Adds ``values`` to the end of ``list``.</doc>
<status status="PASS" starttime="20211121 16:45:24.681" endtime="20211121 16:45:24.681"/>
</kw>
<status status="PASS" starttime="20211121 16:45:24.663" endtime="20211121 16:45:24.681"/>
</iter>
<iter>
<var name="${row}">element=87f383aa-8349-4bb8-ae9c-086deddef101</var>
<kw name="Get Text" library="Browser">
<var>${reference_number_text}</var>
<arg>${row}</arg>
<tag>Assertion</tag>
<tag>Getter</tag>
<tag>PageContent</tag>
<doc>Returns text attribute of the element found by ``selector``.</doc>
<msg timestamp="20211121 16:45:24.701" level="INFO">${reference_number_text} = 1213 1298 1</msg>
<status status="PASS" starttime="20211121 16:45:24.682" endtime="20211121 16:45:24.701"/>
</kw>
<kw name="Remove String" library="String">
<var>${reference_number_text}</var>
<arg>${reference_number_text}</arg>
<arg>${SPACE}</arg>
<doc>Removes all ``removables`` from the given ``string``.</doc>
<msg timestamp="20211121 16:45:24.702" level="INFO">${reference_number_text} = 121312981</msg>
<status status="PASS" starttime="20211121 16:45:24.701" endtime="20211121 16:45:24.702"/>
</kw>
<kw name="Append To List" library="Collections">
<arg>${outputted_reference_numbers}</arg>
<arg>${reference_number_text}</arg>
<doc>Adds ``values`` to the end of ``list``.</doc>
<status status="PASS" starttime="20211121 16:45:24.702" endtime="20211121 16:45:24.702"/>
</kw>
<status status="PASS" starttime="20211121 16:45:24.682" endtime="20211121 16:45:24.702"/>
</iter>
<iter>
<var name="${row}">element=c9ea7b87-3010-4668-8cfe-bcc8d4863b2b</var>
<kw name="Get Text" library="Browser">
<var>${reference_number_text}</var>
<arg>${row}</arg>
<tag>Assertion</tag>
<tag>Getter</tag>
<tag>PageContent</tag>
<doc>Returns text attribute of the element found by ``selector``.</doc>
<msg timestamp="20211121 16:45:24.721" level="INFO">${reference_number_text} = 1213 1299 4</msg>
<status status="PASS" starttime="20211121 16:45:24.702" endtime="20211121 16:45:24.721"/>
</kw>
<kw name="Remove String" library="String">
<var>${reference_number_text}</var>
<arg>${reference_number_text}</arg>
<arg>${SPACE}</arg>
<doc>Removes all ``removables`` from the given ``string``.</doc>
<msg timestamp="20211121 16:45:24.722" level="INFO">${reference_number_text} = 121312994</msg>
<status status="PASS" starttime="20211121 16:45:24.722" endtime="20211121 16:45:24.722"/>
</kw>
<kw name="Append To List" library="Collections">
<arg>${outputted_reference_numbers}</arg>
<arg>${reference_number_text}</arg>
<doc>Adds ``values`` to the end of ``list``.</doc>
<status status="PASS" starttime="20211121 16:45:24.722" endtime="20211121 16:45:24.722"/>
</kw>
<status status="PASS" starttime="20211121 16:45:24.702" endtime="20211121 16:45:24.722"/>
</iter>
<iter>
<var name="${row}">element=571194a5-33b8-4f73-96ef-8fa1e2e5373d</var>
<kw name="Get Text" library="Browser">
<var>${reference_number_text}</var>
<arg>${row}</arg>
<tag>Assertion</tag>
<tag>Getter</tag>
<tag>PageContent</tag>
<doc>Returns text attribute of the element found by ``selector``.</doc>
<msg timestamp="20211121 16:45:24.741" level="INFO">${reference_number_text} = 1213 1300 3</msg>
<status status="PASS" starttime="20211121 16:45:24.723" endtime="20211121 16:45:24.741"/>
</kw>
<kw name="Remove String" library="String">
<var>${reference_number_text}</var>
<arg>${reference_number_text}</arg>
<arg>${SPACE}</arg>
<doc>Removes all ``removables`` from the given ``string``.</doc>
<msg timestamp="20211121 16:45:24.741" level="INFO">${reference_number_text} = 121313003</msg>
<status status="PASS" starttime="20211121 16:45:24.741" endtime="20211121 16:45:24.741"/>
</kw>
<kw name="Append To List" library="Collections">
<arg>${outputted_reference_numbers}</arg>
<arg>${reference_number_text}</arg>
<doc>Adds ``values`` to the end of ``list``.</doc>
<status status="PASS" starttime="20211121 16:45:24.741" endtime="20211121 16:45:24.742"/>
</kw>
<status status="PASS" starttime="20211121 16:45:24.722" endtime="20211121 16:45:24.742"/>
</iter>
<iter>
<var name="${row}">element=53034283-d2e7-4ef7-9779-ce4df1e775d1</var>
<kw name="Get Text" library="Browser">
<var>${reference_number_text}</var>
<arg>${row}</arg>
<tag>Assertion</tag>
<tag>Getter</tag>
<tag>PageContent</tag>
<doc>Returns text attribute of the element found by ``selector``.</doc>
<msg timestamp="20211121 16:45:24.760" level="INFO">${reference_number_text} = 1213 1301 6</msg>
<status status="PASS" starttime="20211121 16:45:24.742" endtime="20211121 16:45:24.760"/>
</kw>
<kw name="Remove String" library="String">
<var>${reference_number_text}</var>
<arg>${reference_number_text}</arg>
<arg>${SPACE}</arg>
<doc>Removes all ``removables`` from the given ``string``.</doc>
<msg timestamp="20211121 16:45:24.760" level="INFO">${reference_number_text} = 121313016</msg>
<status status="PASS" starttime="20211121 16:45:24.760" endtime="20211121 16:45:24.760"/>
</kw>
<kw name="Append To List" library="Collections">
<arg>${outputted_reference_numbers}</arg>
<arg>${reference_number_text}</arg>
<doc>Adds ``values`` to the end of ``list``.</doc>
<status status="PASS" starttime="20211121 16:45:24.760" endtime="20211121 16:45:24.761"/>
</kw>
<status status="PASS" starttime="20211121 16:45:24.742" endtime="20211121 16:45:24.761"/>
</iter>
<iter>
<var name="${row}">element=81816135-302c-4593-9c34-65f8db28e474</var>
<kw name="Get Text" library="Browser">
<var>${reference_number_text}</var>
<arg>${row}</arg>
<tag>Assertion</tag>
<tag>Getter</tag>
<tag>PageContent</tag>
<doc>Returns text attribute of the element found by ``selector``.</doc>
<msg timestamp="20211121 16:45:24.778" level="INFO">${reference_number_text} = 1213 1302 9</msg>
<status status="PASS" starttime="20211121 16:45:24.761" endtime="20211121 16:45:24.778"/>
</kw>
<kw name="Remove String" library="String">
<var>${reference_number_text}</var>
<arg>${reference_number_text}</arg>
<arg>${SPACE}</arg>
<doc>Removes all ``removables`` from the given ``string``.</doc>
<msg timestamp="20211121 16:45:24.778" level="INFO">${reference_number_text} = 121313029</msg>
<status status="PASS" starttime="20211121 16:45:24.778" endtime="20211121 16:45:24.778"/>
</kw>
<kw name="Append To List" library="Collections">
<arg>${outputted_reference_numbers}</arg>
<arg>${reference_number_text}</arg>
<doc>Adds ``values`` to the end of ``list``.</doc>
<status status="PASS" starttime="20211121 16:45:24.778" endtime="20211121 16:45:24.779"/>
</kw>
<status status="PASS" starttime="20211121 16:45:24.761" endtime="20211121 16:45:24.779"/>
</iter>
<iter>
<var name="${row}">element=9b73c8ac-176f-46b2-b2e5-fae76aca7724</var>
<kw name="Get Text" library="Browser">
<var>${reference_number_text}</var>
<arg>${row}</arg>
<tag>Assertion</tag>
<tag>Getter</tag>
<tag>PageContent</tag>
<doc>Returns text attribute of the element found by ``selector``.</doc>
<msg timestamp="20211121 16:45:24.800" level="INFO">${reference_number_text} = 1213 1303 2</msg>
<status status="PASS" starttime="20211121 16:45:24.779" endtime="20211121 16:45:24.801"/>
</kw>
<kw name="Remove String" library="String">
<var>${reference_number_text}</var>
<arg>${reference_number_text}</arg>
<arg>${SPACE}</arg>
<doc>Removes all ``removables`` from the given ``string``.</doc>
<msg timestamp="20211121 16:45:24.801" level="INFO">${reference_number_text} = 121313032</msg>
<status status="PASS" starttime="20211121 16:45:24.801" endtime="20211121 16:45:24.801"/>
</kw>
<kw name="Append To List" library="Collections">
<arg>${outputted_reference_numbers}</arg>
<arg>${reference_number_text}</arg>
<doc>Adds ``values`` to the end of ``list``.</doc>
<status status="PASS" starttime="20211121 16:45:24.801" endtime="20211121 16:45:24.802"/>
</kw>
<status status="PASS" starttime="20211121 16:45:24.779" endtime="20211121 16:45:24.802"/>
</iter>
<iter>
<var name="${row}">element=95da38c3-562a-42e4-9547-4136a9402a00</var>
<kw name="Get Text" library="Browser">
<var>${reference_number_text}</var>
<arg>${row}</arg>
<tag>Assertion</tag>
<tag>Getter</tag>
<tag>PageContent</tag>
<doc>Returns text attribute of the element found by ``selector``.</doc>
<msg timestamp="20211121 16:45:24.821" level="INFO">${reference_number_text} = 1213 1304 5</msg>
<status status="PASS" starttime="20211121 16:45:24.802" endtime="20211121 16:45:24.821"/>
</kw>
<kw name="Remove String" library="String">
<var>${reference_number_text}</var>
<arg>${reference_number_text}</arg>
<arg>${SPACE}</arg>
<doc>Removes all ``removables`` from the given ``string``.</doc>
<msg timestamp="20211121 16:45:24.822" level="INFO">${reference_number_text} = 121313045</msg>
<status status="PASS" starttime="20211121 16:45:24.821" endtime="20211121 16:45:24.822"/>
</kw>
<kw name="Append To List" library="Collections">
<arg>${outputted_reference_numbers}</arg>
<arg>${reference_number_text}</arg>
<doc>Adds ``values`` to the end of ``list``.</doc>
<status status="PASS" starttime="20211121 16:45:24.822" endtime="20211121 16:45:24.822"/>
</kw>
<status status="PASS" starttime="20211121 16:45:24.802" endtime="20211121 16:45:24.822"/>
</iter>
<iter>
<var name="${row}">element=6105da02-ffbd-4e57-bc5e-36ad5ee15c4e</var>
<kw name="Get Text" library="Browser">
<var>${reference_number_text}</var>
<arg>${row}</arg>
<tag>Assertion</tag>
<tag>Getter</tag>
<tag>PageContent</tag>
<doc>Returns text attribute of the element found by ``selector``.</doc>
<msg timestamp="20211121 16:45:24.840" level="INFO">${reference_number_text} = 1213 1305 8</msg>
<status status="PASS" starttime="20211121 16:45:24.822" endtime="20211121 16:45:24.840"/>
</kw>
<kw name="Remove String" library="String">
<var>${reference_number_text}</var>
<arg>${reference_number_text}</arg>
<arg>${SPACE}</arg>
<doc>Removes all ``removables`` from the given ``string``.</doc>
<msg timestamp="20211121 16:45:24.841" level="INFO">${reference_number_text} = 121313058</msg>
<status status="PASS" starttime="20211121 16:45:24.841" endtime="20211121 16:45:24.841"/>
</kw>
<kw name="Append To List" library="Collections">
<arg>${outputted_reference_numbers}</arg>
<arg>${reference_number_text}</arg>
<doc>Adds ``values`` to the end of ``list``.</doc>
<status status="PASS" starttime="20211121 16:45:24.841" endtime="20211121 16:45:24.842"/>
</kw>
<status status="PASS" starttime="20211121 16:45:24.822" endtime="20211121 16:45:24.842"/>
</iter>
<iter>
<var name="${row}">element=f9ca9ee7-eb5d-43a4-8510-267d9e9b5519</var>
<kw name="Get Text" library="Browser">
<var>${reference_number_text}</var>
<arg>${row}</arg>
<tag>Assertion</tag>
<tag>Getter</tag>
<tag>PageContent</tag>
<doc>Returns text attribute of the element found by ``selector``.</doc>
<msg timestamp="20211121 16:45:24.863" level="INFO">${reference_number_text} = 1213 1306 1</msg>
<status status="PASS" starttime="20211121 16:45:24.842" endtime="20211121 16:45:24.863"/>
</kw>
<kw name="Remove String" library="String">
<var>${reference_number_text}</var>
<arg>${reference_number_text}</arg>
<arg>${SPACE}</arg>
<doc>Removes all ``removables`` from the given ``string``.</doc>
<msg timestamp="20211121 16:45:24.863" level="INFO">${reference_number_text} = 121313061</msg>
<status status="PASS" starttime="20211121 16:45:24.863" endtime="20211121 16:45:24.863"/>
</kw>
<kw name="Append To List" library="Collections">
<arg>${outputted_reference_numbers}</arg>
<arg>${reference_number_text}</arg>
<doc>Adds ``values`` to the end of ``list``.</doc>
<status status="PASS" starttime="20211121 16:45:24.863" endtime="20211121 16:45:24.864"/>
</kw>
<status status="PASS" starttime="20211121 16:45:24.842" endtime="20211121 16:45:24.864"/>
</iter>
<iter>
<var name="${row}">element=10b41f46-825b-416e-bff1-c6855723813b</var>
<kw name="Get Text" library="Browser">
<var>${reference_number_text}</var>
<arg>${row}</arg>
<tag>Assertion</tag>
<tag>Getter</tag>
<tag>PageContent</tag>
<doc>Returns text attribute of the element found by ``selector``.</doc>
<msg timestamp="20211121 16:45:24.893" level="INFO">${reference_number_text} = 1213 1307 4</msg>
<status status="PASS" starttime="20211121 16:45:24.864" endtime="20211121 16:45:24.893"/>
</kw>
<kw name="Remove String" library="String">
<var>${reference_number_text}</var>
<arg>${reference_number_text}</arg>
<arg>${SPACE}</arg>
<doc>Removes all ``removables`` from the given ``string``.</doc>
<msg timestamp="20211121 16:45:24.894" level="INFO">${reference_number_text} = 121313074</msg>
<status status="PASS" starttime="20211121 16:45:24.893" endtime="20211121 16:45:24.894"/>
</kw>
<kw name="Append To List" library="Collections">
<arg>${outputted_reference_numbers}</arg>
<arg>${reference_number_text}</arg>
<doc>Adds ``values`` to the end of ``list``.</doc>
<status status="PASS" starttime="20211121 16:45:24.894" endtime="20211121 16:45:24.894"/>
</kw>
<status status="PASS" starttime="20211121 16:45:24.864" endtime="20211121 16:45:24.894"/>
</iter>
<iter>
<var name="${row}">element=9417f0fe-1ac9-4572-851d-d125dd06ed78</var>
<kw name="Get Text" library="Browser">
<var>${reference_number_text}</var>
<arg>${row}</arg>
<tag>Assertion</tag>
<tag>Getter</tag>
<tag>PageContent</tag>
<doc>Returns text attribute of the element found by ``selector``.</doc>
<msg timestamp="20211121 16:45:24.915" level="INFO">${reference_number_text} = 1213 1308 7</msg>
<status status="PASS" starttime="20211121 16:45:24.894" endtime="20211121 16:45:24.915"/>
</kw>
<kw name="Remove String" library="String">
<var>${reference_number_text}</var>
<arg>${reference_number_text}</arg>
<arg>${SPACE}</arg>
<doc>Removes all ``removables`` from the given ``string``.</doc>
<msg timestamp="20211121 16:45:24.916" level="INFO">${reference_number_text} = 121313087</msg>
<status status="PASS" starttime="20211121 16:45:24.916" endtime="20211121 16:45:24.916"/>
</kw>
<kw name="Append To List" library="Collections">
<arg>${outputted_reference_numbers}</arg>
<arg>${reference_number_text}</arg>
<doc>Adds ``values`` to the end of ``list``.</doc>
<status status="PASS" starttime="20211121 16:45:24.916" endtime="20211121 16:45:24.916"/>
</kw>
<status status="PASS" starttime="20211121 16:45:24.894" endtime="20211121 16:45:24.916"/>
</iter>
<iter>
<var name="${row}">element=193af06b-1cbe-47e1-8e61-a1f38a4cc202</var>
<kw name="Get Text" library="Browser">
<var>${reference_number_text}</var>
<arg>${row}</arg>
<tag>Assertion</tag>
<tag>Getter</tag>
<tag>PageContent</tag>
<doc>Returns text attribute of the element found by ``selector``.</doc>
<msg timestamp="20211121 16:45:24.932" level="INFO">${reference_number_text} = 1213 1309 0</msg>
<status status="PASS" starttime="20211121 16:45:24.917" endtime="20211121 16:45:24.932"/>
</kw>
<kw name="Remove String" library="String">
<var>${reference_number_text}</var>
<arg>${reference_number_text}</arg>
<arg>${SPACE}</arg>
<doc>Removes all ``removables`` from the given ``string``.</doc>
<msg timestamp="20211121 16:45:24.933" level="INFO">${reference_number_text} = 121313090</msg>
<status status="PASS" starttime="20211121 16:45:24.933" endtime="20211121 16:45:24.933"/>
</kw>
<kw name="Append To List" library="Collections">
<arg>${outputted_reference_numbers}</arg>
<arg>${reference_number_text}</arg>
<doc>Adds ``values`` to the end of ``list``.</doc>
<status status="PASS" starttime="20211121 16:45:24.933" endtime="20211121 16:45:24.933"/>
</kw>
<status status="PASS" starttime="20211121 16:45:24.916" endtime="20211121 16:45:24.933"/>
</iter>
<iter>
<var name="${row}">element=be17efc2-4bf6-41b7-a6c6-e6deea1468dd</var>
<kw name="Get Text" library="Browser">
<var>${reference_number_text}</var>
<arg>${row}</arg>
<tag>Assertion</tag>
<tag>Getter</tag>
<tag>PageContent</tag>
<doc>Returns text attribute of the element found by ``selector``.</doc>
<msg timestamp="20211121 16:45:24.949" level="INFO">${reference_number_text} = 1213 1310 0</msg>
<status status="PASS" starttime="20211121 16:45:24.933" endtime="20211121 16:45:24.949"/>
</kw>
<kw name="Remove String" library="String">
<var>${reference_number_text}</var>
<arg>${reference_number_text}</arg>
<arg>${SPACE}</arg>
<doc>Removes all ``removables`` from the given ``string``.</doc>
<msg timestamp="20211121 16:45:24.949" level="INFO">${reference_number_text} = 121313100</msg>
<status status="PASS" starttime="20211121 16:45:24.949" endtime="20211121 16:45:24.949"/>
</kw>
<kw name="Append To List" library="Collections">
<arg>${outputted_reference_numbers}</arg>
<arg>${reference_number_text}</arg>
<doc>Adds ``values`` to the end of ``list``.</doc>
<status status="PASS" starttime="20211121 16:45:24.949" endtime="20211121 16:45:24.950"/>
</kw>
<status status="PASS" starttime="20211121 16:45:24.933" endtime="20211121 16:45:24.950"/>
</iter>
<iter>
<var name="${row}">element=dd0b047f-505a-4a91-a87d-12ee18c1ef4c</var>
<kw name="Get Text" library="Browser">
<var>${reference_number_text}</var>
<arg>${row}</arg>
<tag>Assertion</tag>
<tag>Getter</tag>
<tag>PageContent</tag>
<doc>Returns text attribute of the element found by ``selector``.</doc>
<msg timestamp="20211121 16:45:24.966" level="INFO">${reference_number_text} = 1213 1311 3</msg>
<status status="PASS" starttime="20211121 16:45:24.950" endtime="20211121 16:45:24.966"/>
</kw>
<kw name="Remove String" library="String">
<var>${reference_number_text}</var>
<arg>${reference_number_text}</arg>
<arg>${SPACE}</arg>
<doc>Removes all ``removables`` from the given ``string``.</doc>
<msg timestamp="20211121 16:45:24.967" level="INFO">${reference_number_text} = 121313113</msg>
<status status="PASS" starttime="20211121 16:45:24.966" endtime="20211121 16:45:24.967"/>
</kw>
<kw name="Append To List" library="Collections">
<arg>${outputted_reference_numbers}</arg>
<arg>${reference_number_text}</arg>
<doc>Adds ``values`` to the end of ``list``.</doc>
<status status="PASS" starttime="20211121 16:45:24.967" endtime="20211121 16:45:24.967"/>
</kw>
<status status="PASS" starttime="20211121 16:45:24.950" endtime="20211121 16:45:24.967"/>
</iter>
<iter>
<var name="${row}">element=2b2001ef-bec0-4eaf-bbf1-cbaff1796d80</var>
<kw name="Get Text" library="Browser">
<var>${reference_number_text}</var>
<arg>${row}</arg>
<tag>Assertion</tag>
<tag>Getter</tag>
<tag>PageContent</tag>
<doc>Returns text attribute of the element found by ``selector``.</doc>
<msg timestamp="20211121 16:45:24.988" level="INFO">${reference_number_text} = 1213 1312 6</msg>
<status status="PASS" starttime="20211121 16:45:24.967" endtime="20211121 16:45:24.988"/>
</kw>
<kw name="Remove String" library="String">
<var>${reference_number_text}</var>
<arg>${reference_number_text}</arg>
<arg>${SPACE}</arg>
<doc>Removes all ``removables`` from the given ``string``.</doc>
<msg timestamp="20211121 16:45:24.989" level="INFO">${reference_number_text} = 121313126</msg>
<status status="PASS" starttime="20211121 16:45:24.989" endtime="20211121 16:45:24.989"/>
</kw>
<kw name="Append To List" library="Collections">
<arg>${outputted_reference_numbers}</arg>
<arg>${reference_number_text}</arg>
<doc>Adds ``values`` to the end of ``list``.</doc>
<status status="PASS" starttime="20211121 16:45:24.989" endtime="20211121 16:45:24.989"/>
</kw>
<status status="PASS" starttime="20211121 16:45:24.967" endtime="20211121 16:45:24.989"/>
</iter>
<iter>
<var name="${row}">element=42301df6-3738-4792-996d-3809527e78bc</var>
<kw name="Get Text" library="Browser">
<var>${reference_number_text}</var>
<arg>${row}</arg>
<tag>Assertion</tag>
<tag>Getter</tag>
<tag>PageContent</tag>
<doc>Returns text attribute of the element found by ``selector``.</doc>
<msg timestamp="20211121 16:45:25.007" level="INFO">${reference_number_text} = 1213 1313 9</msg>
<status status="PASS" starttime="20211121 16:45:24.989" endtime="20211121 16:45:25.007"/>
</kw>
<kw name="Remove String" library="String">
<var>${reference_number_text}</var>
<arg>${reference_number_text}</arg>
<arg>${SPACE}</arg>
<doc>Removes all ``removables`` from the given ``string``.</doc>
<msg timestamp="20211121 16:45:25.007" level="INFO">${reference_number_text} = 121313139</msg>
<status status="PASS" starttime="20211121 16:45:25.007" endtime="20211121 16:45:25.007"/>
</kw>
<kw name="Append To List" library="Collections">
<arg>${outputted_reference_numbers}</arg>
<arg>${reference_number_text}</arg>
<doc>Adds ``values`` to the end of ``list``.</doc>
<status status="PASS" starttime="20211121 16:45:25.007" endtime="20211121 16:45:25.008"/>
</kw>
<status status="PASS" starttime="20211121 16:45:24.989" endtime="20211121 16:45:25.008"/>
</iter>
<iter>
<var name="${row}">element=25d01c67-381b-403b-adb6-93316e7e933f</var>
<kw name="Get Text" library="Browser">
<var>${reference_number_text}</var>
<arg>${row}</arg>
<tag>Assertion</tag>
<tag>Getter</tag>
<tag>PageContent</tag>
<doc>Returns text attribute of the element found by ``selector``.</doc>
<msg timestamp="20211121 16:45:25.029" level="INFO">${reference_number_text} = 1213 1314 2</msg>
<status status="PASS" starttime="20211121 16:45:25.008" endtime="20211121 16:45:25.029"/>
</kw>
<kw name="Remove String" library="String">
<var>${reference_number_text}</var>
<arg>${reference_number_text}</arg>
<arg>${SPACE}</arg>
<doc>Removes all ``removables`` from the given ``string``.</doc>
<msg timestamp="20211121 16:45:25.030" level="INFO">${reference_number_text} = 121313142</msg>
<status status="PASS" starttime="20211121 16:45:25.029" endtime="20211121 16:45:25.030"/>
</kw>
<kw name="Append To List" library="Collections">
<arg>${outputted_reference_numbers}</arg>
<arg>${reference_number_text}</arg>
<doc>Adds ``values`` to the end of ``list``.</doc>
<status status="PASS" starttime="20211121 16:45:25.030" endtime="20211121 16:45:25.030"/>
</kw>
<status status="PASS" starttime="20211121 16:45:25.008" endtime="20211121 16:45:25.030"/>
</iter>
<iter>
<var name="${row}">element=8155430d-483d-4f5a-92b4-64a18e646dfb</var>
<kw name="Get Text" library="Browser">
<var>${reference_number_text}</var>
<arg>${row}</arg>
<tag>Assertion</tag>
<tag>Getter</tag>
<tag>PageContent</tag>
<doc>Returns text attribute of the element found by ``selector``.</doc>
<msg timestamp="20211121 16:45:25.050" level="INFO">${reference_number_text} = 1213 1315 5</msg>
<status status="PASS" starttime="20211121 16:45:25.030" endtime="20211121 16:45:25.050"/>
</kw>
<kw name="Remove String" library="String">
<var>${reference_number_text}</var>
<arg>${reference_number_text}</arg>
<arg>${SPACE}</arg>
<doc>Removes all ``removables`` from the given ``string``.</doc>
<msg timestamp="20211121 16:45:25.051" level="INFO">${reference_number_text} = 121313155</msg>
<status status="PASS" starttime="20211121 16:45:25.051" endtime="20211121 16:45:25.051"/>
</kw>
<kw name="Append To List" library="Collections">
<arg>${outputted_reference_numbers}</arg>
<arg>${reference_number_text}</arg>
<doc>Adds ``values`` to the end of ``list``.</doc>
<status status="PASS" starttime="20211121 16:45:25.051" endtime="20211121 16:45:25.051"/>
</kw>
<status status="PASS" starttime="20211121 16:45:25.030" endtime="20211121 16:45:25.051"/>
</iter>
<iter>
<var name="${row}">element=69dc38cf-65a5-4258-84b8-d7896fc8b7de</var>
<kw name="Get Text" library="Browser">
<var>${reference_number_text}</var>
<arg>${row}</arg>
<tag>Assertion</tag>
<tag>Getter</tag>
<tag>PageContent</tag>
<doc>Returns text attribute of the element found by ``selector``.</doc>
<msg timestamp="20211121 16:45:25.067" level="INFO">${reference_number_text} = 1213 1316 8</msg>
<status status="PASS" starttime="20211121 16:45:25.052" endtime="20211121 16:45:25.067"/>
</kw>
<kw name="Remove String" library="String">
<var>${reference_number_text}</var>
<arg>${reference_number_text}</arg>
<arg>${SPACE}</arg>
<doc>Removes all ``removables`` from the given ``string``.</doc>
<msg timestamp="20211121 16:45:25.067" level="INFO">${reference_number_text} = 121313168</msg>
<status status="PASS" starttime="20211121 16:45:25.067" endtime="20211121 16:45:25.067"/>
</kw>
<kw name="Append To List" library="Collections">
<arg>${outputted_reference_numbers}</arg>
<arg>${reference_number_text}</arg>
<doc>Adds ``values`` to the end of ``list``.</doc>
<status status="PASS" starttime="20211121 16:45:25.067" endtime="20211121 16:45:25.068"/>
</kw>
<status status="PASS" starttime="20211121 16:45:25.051" endtime="20211121 16:45:25.068"/>
</iter>
<iter>
<var name="${row}">element=eb267f85-75f1-4a68-a185-d9ca262ed006</var>
<kw name="Get Text" library="Browser">
<var>${reference_number_text}</var>
<arg>${row}</arg>
<tag>Assertion</tag>
<tag>Getter</tag>
<tag>PageContent</tag>
<doc>Returns text attribute of the element found by ``selector``.</doc>
[...]
<arg>${outputted_reference_numbers}</arg>
<arg>${reference_number_text}</arg>
<doc>Adds ``values`` to the end of ``list``.</doc>
<status status="PASS" starttime="20211121 16:46:03.359" endtime="20211121 16:46:03.359"/>
</kw>
<status status="PASS" starttime="20211121 16:46:03.342" endtime="20211121 16:46:03.359"/>
</iter>
<iter>
<var name="${row}">element=38684d57-d12e-458a-a3fc-66b43d96d537</var>
<kw name="Get Text" library="Browser">
<var>${reference_number_text}</var>
<arg>${row}</arg>
<tag>Assertion</tag>
<tag>Getter</tag>
<tag>PageContent</tag>
<doc>Returns text attribute of the element found by ``selector``.</doc>
<msg timestamp="20211121 16:46:03.376" level="INFO">${reference_number_text} = 1213 1484 0</msg>
<status status="PASS" starttime="20211121 16:46:03.359" endtime="20211121 16:46:03.377"/>
</kw>
<kw name="Remove String" library="String">
<var>${reference_number_text}</var>
<arg>${reference_number_text}</arg>
<arg>${SPACE}</arg>
<doc>Removes all ``removables`` from the given ``string``.</doc>
<msg timestamp="20211121 16:46:03.377" level="INFO">${reference_number_text} = 121314840</msg>
<status status="PASS" starttime="20211121 16:46:03.377" endtime="20211121 16:46:03.377"/>
</kw>
<kw name="Append To List" library="Collections">
<arg>${outputted_reference_numbers}</arg>
<arg>${reference_number_text}</arg>
<doc>Adds ``values`` to the end of ``list``.</doc>
<status status="PASS" starttime="20211121 16:46:03.377" endtime="20211121 16:46:03.377"/>
</kw>
<status status="PASS" starttime="20211121 16:46:03.359" endtime="20211121 16:46:03.377"/>
</iter>
<iter>
<var name="${row}">element=b3a96ac3-5c09-461e-b0a2-cccfc254ac18</var>
<kw name="Get Text" library="Browser">
<var>${reference_number_text}</var>
<arg>${row}</arg>
<tag>Assertion</tag>
<tag>Getter</tag>
<tag>PageContent</tag>
<doc>Returns text attribute of the element found by ``selector``.</doc>
<msg timestamp="20211121 16:46:03.394" level="INFO">${reference_number_text} = 1213 1485 3</msg>
<status status="PASS" starttime="20211121 16:46:03.378" endtime="20211121 16:46:03.394"/>
</kw>
<kw name="Remove String" library="String">
<var>${reference_number_text}</var>
<arg>${reference_number_text}</arg>
<arg>${SPACE}</arg>
<doc>Removes all ``removables`` from the given ``string``.</doc>
<msg timestamp="20211121 16:46:03.394" level="INFO">${reference_number_text} = 121314853</msg>
<status status="PASS" starttime="20211121 16:46:03.394" endtime="20211121 16:46:03.394"/>
</kw>
<kw name="Append To List" library="Collections">
<arg>${outputted_reference_numbers}</arg>
<arg>${reference_number_text}</arg>
<doc>Adds ``values`` to the end of ``list``.</doc>
<status status="PASS" starttime="20211121 16:46:03.395" endtime="20211121 16:46:03.395"/>
</kw>
<status status="PASS" starttime="20211121 16:46:03.378" endtime="20211121 16:46:03.395"/>
</iter>
<iter>
<var name="${row}">element=e9ac43bb-4ae2-438d-83f3-a339e8372cb2</var>
<kw name="Get Text" library="Browser">
<var>${reference_number_text}</var>
<arg>${row}</arg>
<tag>Assertion</tag>
<tag>Getter</tag>
<tag>PageContent</tag>
<doc>Returns text attribute of the element found by ``selector``.</doc>
<msg timestamp="20211121 16:46:03.411" level="INFO">${reference_number_text} = 1213 1486 6</msg>
<status status="PASS" starttime="20211121 16:46:03.395" endtime="20211121 16:46:03.411"/>
</kw>
<kw name="Remove String" library="String">
<var>${reference_number_text}</var>
<arg>${reference_number_text}</arg>
<arg>${SPACE}</arg>
<doc>Removes all ``removables`` from the given ``string``.</doc>
<msg timestamp="20211121 16:46:03.411" level="INFO">${reference_number_text} = 121314866</msg>
<status status="PASS" starttime="20211121 16:46:03.411" endtime="20211121 16:46:03.411"/>
</kw>
<kw name="Append To List" library="Collections">
<arg>${outputted_reference_numbers}</arg>
<arg>${reference_number_text}</arg>
<doc>Adds ``values`` to the end of ``list``.</doc>
<status status="PASS" starttime="20211121 16:46:03.411" endtime="20211121 16:46:03.411"/>
</kw>
<status status="PASS" starttime="20211121 16:46:03.395" endtime="20211121 16:46:03.412"/>
</iter>
<iter>
<var name="${row}">element=93f7a742-a599-4c17-838c-e72d7b58fa5f</var>
<kw name="Get Text" library="Browser">
<var>${reference_number_text}</var>
<arg>${row}</arg>
<tag>Assertion</tag>
<tag>Getter</tag>
<tag>PageContent</tag>
<doc>Returns text attribute of the element found by ``selector``.</doc>
<msg timestamp="20211121 16:46:03.427" level="INFO">${reference_number_text} = 1213 1487 9</msg>
<status status="PASS" starttime="20211121 16:46:03.412" endtime="20211121 16:46:03.427"/>
</kw>
<kw name="Remove String" library="String">
<var>${reference_number_text}</var>
<arg>${reference_number_text}</arg>
<arg>${SPACE}</arg>
<doc>Removes all ``removables`` from the given ``string``.</doc>
<msg timestamp="20211121 16:46:03.428" level="INFO">${reference_number_text} = 121314879</msg>
<status status="PASS" starttime="20211121 16:46:03.427" endtime="20211121 16:46:03.428"/>
</kw>
<kw name="Append To List" library="Collections">
<arg>${outputted_reference_numbers}</arg>
<arg>${reference_number_text}</arg>
<doc>Adds ``values`` to the end of ``list``.</doc>
<status status="PASS" starttime="20211121 16:46:03.428" endtime="20211121 16:46:03.428"/>
</kw>
<status status="PASS" starttime="20211121 16:46:03.412" endtime="20211121 16:46:03.428"/>
</iter>
<iter>
<var name="${row}">element=a0548f93-d6c9-4b93-bda1-abee18a4db66</var>
<kw name="Get Text" library="Browser">
<var>${reference_number_text}</var>
<arg>${row}</arg>
<tag>Assertion</tag>
<tag>Getter</tag>
<tag>PageContent</tag>
<doc>Returns text attribute of the element found by ``selector``.</doc>
<msg timestamp="20211121 16:46:03.444" level="INFO">${reference_number_text} = 1213 1488 2</msg>
<status status="PASS" starttime="20211121 16:46:03.428" endtime="20211121 16:46:03.444"/>
</kw>
<kw name="Remove String" library="String">
<var>${reference_number_text}</var>
<arg>${reference_number_text}</arg>
<arg>${SPACE}</arg>
<doc>Removes all ``removables`` from the given ``string``.</doc>
<msg timestamp="20211121 16:46:03.445" level="INFO">${reference_number_text} = 121314882</msg>
<status status="PASS" starttime="20211121 16:46:03.444" endtime="20211121 16:46:03.445"/>
</kw>
<kw name="Append To List" library="Collections">
<arg>${outputted_reference_numbers}</arg>
<arg>${reference_number_text}</arg>
<doc>Adds ``values`` to the end of ``list``.</doc>
<status status="PASS" starttime="20211121 16:46:03.445" endtime="20211121 16:46:03.445"/>
</kw>
<status status="PASS" starttime="20211121 16:46:03.428" endtime="20211121 16:46:03.445"/>
</iter>
<iter>
<var name="${row}">element=193bc34e-0811-4d17-b6cc-f55ac6ac38ba</var>
<kw name="Get Text" library="Browser">
<var>${reference_number_text}</var>
<arg>${row}</arg>
<tag>Assertion</tag>
<tag>Getter</tag>
<tag>PageContent</tag>
<doc>Returns text attribute of the element found by ``selector``.</doc>
<msg timestamp="20211121 16:46:03.460" level="INFO">${reference_number_text} = 1213 1489 5</msg>
<status status="PASS" starttime="20211121 16:46:03.445" endtime="20211121 16:46:03.460"/>
</kw>
<kw name="Remove String" library="String">
<var>${reference_number_text}</var>
<arg>${reference_number_text}</arg>
<arg>${SPACE}</arg>
<doc>Removes all ``removables`` from the given ``string``.</doc>
<msg timestamp="20211121 16:46:03.461" level="INFO">${reference_number_text} = 121314895</msg>
<status status="PASS" starttime="20211121 16:46:03.460" endtime="20211121 16:46:03.461"/>
</kw>
<kw name="Append To List" library="Collections">
<arg>${outputted_reference_numbers}</arg>
<arg>${reference_number_text}</arg>
<doc>Adds ``values`` to the end of ``list``.</doc>
<status status="PASS" starttime="20211121 16:46:03.461" endtime="20211121 16:46:03.461"/>
</kw>
<status status="PASS" starttime="20211121 16:46:03.445" endtime="20211121 16:46:03.461"/>
</iter>
<iter>
<var name="${row}">element=bb218992-c9ca-4ad9-a5ee-497a3b247e16</var>
<kw name="Get Text" library="Browser">
<var>${reference_number_text}</var>
<arg>${row}</arg>
<tag>Assertion</tag>
<tag>Getter</tag>
<tag>PageContent</tag>
<doc>Returns text attribute of the element found by ``selector``.</doc>
<msg timestamp="20211121 16:46:03.477" level="INFO">${reference_number_text} = 1213 1490 5</msg>
<status status="PASS" starttime="20211121 16:46:03.461" endtime="20211121 16:46:03.477"/>
</kw>
<kw name="Remove String" library="String">
<var>${reference_number_text}</var>
<arg>${reference_number_text}</arg>
<arg>${SPACE}</arg>
<doc>Removes all ``removables`` from the given ``string``.</doc>
<msg timestamp="20211121 16:46:03.477" level="INFO">${reference_number_text} = 121314905</msg>
<status status="PASS" starttime="20211121 16:46:03.477" endtime="20211121 16:46:03.477"/>
</kw>
<kw name="Append To List" library="Collections">
<arg>${outputted_reference_numbers}</arg>
<arg>${reference_number_text}</arg>
<doc>Adds ``values`` to the end of ``list``.</doc>
<status status="PASS" starttime="20211121 16:46:03.477" endtime="20211121 16:46:03.478"/>
</kw>
<status status="PASS" starttime="20211121 16:46:03.461" endtime="20211121 16:46:03.478"/>
</iter>
<iter>
<var name="${row}">element=c9d43320-18e5-4b94-8f32-8825995ea6ae</var>
<kw name="Get Text" library="Browser">
<var>${reference_number_text}</var>
<arg>${row}</arg>
<tag>Assertion</tag>
<tag>Getter</tag>
<tag>PageContent</tag>
<doc>Returns text attribute of the element found by ``selector``.</doc>
<msg timestamp="20211121 16:46:03.499" level="INFO">${reference_number_text} = 1213 1491 8</msg>
<status status="PASS" starttime="20211121 16:46:03.478" endtime="20211121 16:46:03.499"/>
</kw>
<kw name="Remove String" library="String">
<var>${reference_number_text}</var>
<arg>${reference_number_text}</arg>
<arg>${SPACE}</arg>
<doc>Removes all ``removables`` from the given ``string``.</doc>
<msg timestamp="20211121 16:46:03.500" level="INFO">${reference_number_text} = 121314918</msg>
<status status="PASS" starttime="20211121 16:46:03.499" endtime="20211121 16:46:03.500"/>
</kw>
<kw name="Append To List" library="Collections">
<arg>${outputted_reference_numbers}</arg>
<arg>${reference_number_text}</arg>
<doc>Adds ``values`` to the end of ``list``.</doc>
<status status="PASS" starttime="20211121 16:46:03.500" endtime="20211121 16:46:03.500"/>
</kw>
<status status="PASS" starttime="20211121 16:46:03.478" endtime="20211121 16:46:03.500"/>
</iter>
<iter>
<var name="${row}">element=c27bb145-ca72-42c2-b134-4f6f6066a47a</var>
<kw name="Get Text" library="Browser">
<var>${reference_number_text}</var>
<arg>${row}</arg>
<tag>Assertion</tag>
<tag>Getter</tag>
<tag>PageContent</tag>
<doc>Returns text attribute of the element found by ``selector``.</doc>
<msg timestamp="20211121 16:46:03.519" level="INFO">${reference_number_text} = 1213 1492 1</msg>
<status status="PASS" starttime="20211121 16:46:03.500" endtime="20211121 16:46:03.519"/>
</kw>
<kw name="Remove String" library="String">
<var>${reference_number_text}</var>
<arg>${reference_number_text}</arg>
<arg>${SPACE}</arg>
<doc>Removes all ``removables`` from the given ``string``.</doc>
<msg timestamp="20211121 16:46:03.519" level="INFO">${reference_number_text} = 121314921</msg>
<status status="PASS" starttime="20211121 16:46:03.519" endtime="20211121 16:46:03.519"/>
</kw>
<kw name="Append To List" library="Collections">
<arg>${outputted_reference_numbers}</arg>
<arg>${reference_number_text}</arg>
<doc>Adds ``values`` to the end of ``list``.</doc>
<status status="PASS" starttime="20211121 16:46:03.519" endtime="20211121 16:46:03.520"/>
</kw>
<status status="PASS" starttime="20211121 16:46:03.500" endtime="20211121 16:46:03.520"/>
</iter>
<iter>
<var name="${row}">element=58aab0cb-b3de-4bad-9a4f-3d968c8acc53</var>
<kw name="Get Text" library="Browser">
<var>${reference_number_text}</var>
<arg>${row}</arg>
<tag>Assertion</tag>
<tag>Getter</tag>
<tag>PageContent</tag>
<doc>Returns text attribute of the element found by ``selector``.</doc>
<msg timestamp="20211121 16:46:03.536" level="INFO">${reference_number_text} = 1213 1493 4</msg>
<status status="PASS" starttime="20211121 16:46:03.520" endtime="20211121 16:46:03.536"/>
</kw>
<kw name="Remove String" library="String">
<var>${reference_number_text}</var>
<arg>${reference_number_text}</arg>
<arg>${SPACE}</arg>
<doc>Removes all ``removables`` from the given ``string``.</doc>
<msg timestamp="20211121 16:46:03.537" level="INFO">${reference_number_text} = 121314934</msg>
<status status="PASS" starttime="20211121 16:46:03.536" endtime="20211121 16:46:03.537"/>
</kw>
<kw name="Append To List" library="Collections">
<arg>${outputted_reference_numbers}</arg>
<arg>${reference_number_text}</arg>
<doc>Adds ``values`` to the end of ``list``.</doc>
<status status="PASS" starttime="20211121 16:46:03.537" endtime="20211121 16:46:03.537"/>
</kw>
<status status="PASS" starttime="20211121 16:46:03.520" endtime="20211121 16:46:03.537"/>
</iter>
<iter>
<var name="${row}">element=5e3f1e40-b76a-4139-9c4a-e47a0737d8ce</var>
<kw name="Get Text" library="Browser">
<var>${reference_number_text}</var>
<arg>${row}</arg>
<tag>Assertion</tag>
<tag>Getter</tag>
<tag>PageContent</tag>
<doc>Returns text attribute of the element found by ``selector``.</doc>
<msg timestamp="20211121 16:46:03.555" level="INFO">${reference_number_text} = 1213 1494 7</msg>
<status status="PASS" starttime="20211121 16:46:03.537" endtime="20211121 16:46:03.555"/>
</kw>
<kw name="Remove String" library="String">
<var>${reference_number_text}</var>
<arg>${reference_number_text}</arg>
<arg>${SPACE}</arg>
<doc>Removes all ``removables`` from the given ``string``.</doc>
<msg timestamp="20211121 16:46:03.555" level="INFO">${reference_number_text} = 121314947</msg>
<status status="PASS" starttime="20211121 16:46:03.555" endtime="20211121 16:46:03.555"/>
</kw>
<kw name="Append To List" library="Collections">
<arg>${outputted_reference_numbers}</arg>
<arg>${reference_number_text}</arg>
<doc>Adds ``values`` to the end of ``list``.</doc>
<status status="PASS" starttime="20211121 16:46:03.556" endtime="20211121 16:46:03.556"/>
</kw>
<status status="PASS" starttime="20211121 16:46:03.537" endtime="20211121 16:46:03.556"/>
</iter>
<status status="PASS" starttime="20211121 16:45:59.858" endtime="20211121 16:46:03.556"/>
</for>
<msg timestamp="20211121 16:46:03.556" level="INFO">${outputted_reference_numbers} = ['121312952', '121312965', '121312978', '121312981', '121312994', '121313003', '121313016', '121313029', '121313032', '121313045', '121313058', '121313061', '121313074', '121313087', '121313090', '121...</msg>
<status status="PASS" starttime="20211121 16:45:59.818" endtime="20211121 16:46:03.556"/>
</kw>
<kw name="Verify Outputted Reference Numbers" library="Common">
<arg>${finnish_reference_number_basic_part}</arg>
<arg>${reference_number_count}</arg>
<arg>${reference_number_type}</arg>
<arg>${outputted_reference_numbers}</arg>
<if>
<branch type="IF" condition="$reference_number_type=='Suomalainen viitenumero'">
<kw name="Verify Finnish Reference Numbers" library="Common">
<arg>${finnish_reference_number_basic_part}</arg>
<arg>${reference_number_count}</arg>
<arg>${outputted_reference_numbers}</arg>
<for flavor="IN">
<var>${outputted_finnish_reference_number}</var>
<value>@{outputted_reference_numbers}</value>
<iter>
<var name="${outputted_finnish_reference_number}">121312952</var>
<kw name="Generate Finnish Reference Number" library="VerificationEngine">
<var>${reference_finnish_reference_number}</var>
<arg>${finnish_reference_number_basic_part}</arg>
<msg timestamp="20211121 16:46:03.558" level="INFO">[5, 9, 2, 1, 3, 1, 2, 1]
[7, 3, 1, 7, 3, 1, 7, 3]
[35, 27, 2, 7, 9, 1, 14, 3]
98
100
2</msg>
<msg timestamp="20211121 16:46:03.558" level="INFO">${reference_finnish_reference_number} = 121312952</msg>
<status status="PASS" starttime="20211121 16:46:03.558" endtime="20211121 16:46:03.558"/>
</kw>
<kw name="Should Be Equal As Strings" library="BuiltIn">
<arg>${reference_finnish_reference_number}</arg>
<arg>${outputted_finnish_reference_number}</arg>
<doc>Fails if objects are unequal after converting them to strings.</doc>
<status status="PASS" starttime="20211121 16:46:03.558" endtime="20211121 16:46:03.558"/>
</kw>
<status status="PASS" starttime="20211121 16:46:03.557" endtime="20211121 16:46:03.558"/>
</iter>
<iter>
<var name="${outputted_finnish_reference_number}">121312965</var>
<kw name="Generate Finnish Reference Number" library="VerificationEngine">
<var>${reference_finnish_reference_number}</var>
<arg>${finnish_reference_number_basic_part}</arg>
<msg timestamp="20211121 16:46:03.559" level="INFO">[5, 9, 2, 1, 3, 1, 2, 1]
[7, 3, 1, 7, 3, 1, 7, 3]
[35, 27, 2, 7, 9, 1, 14, 3]
98
100
2</msg>
<msg timestamp="20211121 16:46:03.559" level="INFO">${reference_finnish_reference_number} = 121312952</msg>
<status status="PASS" starttime="20211121 16:46:03.558" endtime="20211121 16:46:03.559"/>
</kw>
<kw name="Should Be Equal As Strings" library="BuiltIn">
<arg>${reference_finnish_reference_number}</arg>
<arg>${outputted_finnish_reference_number}</arg>
<doc>Fails if objects are unequal after converting them to strings.</doc>
<msg timestamp="20211121 16:46:03.559" level="FAIL">121312952 != 121312965</msg>
<status status="FAIL" starttime="20211121 16:46:03.559" endtime="20211121 16:46:03.559"/>
</kw>
<status status="FAIL" starttime="20211121 16:46:03.558" endtime="20211121 16:46:03.560"/>
</iter>
<status status="FAIL" starttime="20211121 16:46:03.557" endtime="20211121 16:46:03.560"/>
</for>
<status status="FAIL" starttime="20211121 16:46:03.557" endtime="20211121 16:46:03.560"/>
</kw>
<status status="FAIL" starttime="20211121 16:46:03.557" endtime="20211121 16:46:03.561"/>
</branch>
<branch type="ELSE IF" condition="$reference_number_type=='Kansainvälinen viitenumero'">
<kw name="Verify International Reference Numbers">
<arg>${finnish_reference_number_basic_part}</arg>
<arg>${reference_number_count}</arg>
<arg>${outputted_reference_numbers}</arg>
<status status="NOT RUN" starttime="20211121 16:46:03.563" endtime="20211121 16:46:03.563"/>
</kw>
<status status="NOT RUN" starttime="20211121 16:46:03.561" endtime="20211121 16:46:03.563"/>
</branch>
<branch type="ELSE">
<kw name="Log To Console" library="BuiltIn">
<arg>Missing Reference Number Type!</arg>
<doc>Logs the given message to the console.</doc>
<status status="NOT RUN" starttime="20211121 16:46:03.563" endtime="20211121 16:46:03.563"/>
</kw>
<status status="NOT RUN" starttime="20211121 16:46:03.563" endtime="20211121 16:46:03.563"/>
</branch>
<status status="FAIL" starttime="20211121 16:46:03.557" endtime="20211121 16:46:03.563"/>
</if>
<status status="FAIL" starttime="20211121 16:46:03.556" endtime="20211121 16:46:03.564"/>
</kw>
<status status="FAIL" starttime="20211121 16:45:49.120" endtime="20211121 16:46:03.564"/>
</kw>
<status status="FAIL" starttime="20211121 16:44:51.913" endtime="20211121 16:46:03.565">Several failures occurred:

1) 121312952 != 121312965

2) 121312952 != 121312965

3) 121312952 != 121312965

4) 121312952 != 121312965

5) 121312952 != 121312965</status>
</test>
<kw name="End Web Test" library="Common" type="TEARDOWN">
<kw name="Close Browser" library="Browser">
<tag>BrowserControl</tag>
<tag>Setter</tag>
<doc>Closes the current browser.</doc>
<msg timestamp="20211121 16:46:04.006" level="INFO">Closed browser</msg>
<status status="PASS" starttime="20211121 16:46:03.565" endtime="20211121 16:46:04.007"/>
</kw>
<status status="PASS" starttime="20211121 16:46:03.565" endtime="20211121 16:46:04.007"/>
</kw>
<doc>This is a test suite for Reference Number Calculator (ViiteNumeroLaskuri)</doc>
<status status="FAIL" starttime="20211121 16:44:37.202" endtime="20211121 16:46:04.007"/>
</suite>
<statistics>
<total>
<stat pass="1" fail="1" skip="0">All Tests</stat>
</total>
<tag>
</tag>
<suite>
<stat pass="1" fail="1" skip="0" id="s1" name="ReferenceNumberCalculator">ReferenceNumberCalculator</stat>
</suite>
</statistics>
<errors>
</errors>
</robot>
